TimeQuest Timing Analyzer report for binary_to_7segment
Thu Jul 24 14:14:10 2025
Quartus II 64-Bit Version 13.0.1 Build 232 06/12/2013 Service Pack 1 SJ Web Edition


---------------------
; Table of Contents ;
---------------------
  1. Legal Notice
  2. TimeQuest Timing Analyzer Summary
  3. Parallel Compilation
  4. Clocks
  5. Slow Model Fmax Summary
  6. Slow Model Setup Summary
  7. Slow Model Hold Summary
  8. Slow Model Recovery Summary
  9. Slow Model Removal Summary
 10. Slow Model Minimum Pulse Width Summary
 11. Propagation Delay
 12. Minimum Propagation Delay
 13. Fast Model Setup Summary
 14. Fast Model Hold Summary
 15. Fast Model Recovery Summary
 16. Fast Model Removal Summary
 17. Fast Model Minimum Pulse Width Summary
 18. Propagation Delay
 19. Minimum Propagation Delay
 20. Multicorner Timing Analysis Summary
 21. Progagation Delay
 22. Minimum Progagation Delay
 23. Clock Transfers
 24. Report TCCS
 25. Report RSKM
 26. Unconstrained Paths
 27. TimeQuest Timing Analyzer Messages



----------------
; Legal Notice ;
----------------
Copyright (C) 1991-2013 Altera Corporation
Your use of Altera Corporation's design tools, logic functions 
and other software and tools, and its AMPP partner logic 
functions, and any output files from any of the foregoing 
(including device programming or simulation files), and any 
associated documentation or information are expressly subject 
to the terms and conditions of the Altera Program License 
Subscription Agreement, Altera MegaCore Function License 
Agreement, or other applicable license agreement, including, 
without limitation, that your use is for the sole purpose of 
programming logic devices manufactured by Altera and sold by 
Altera or its authorized distributors.  Please refer to the 
applicable agreement for further details.



+----------------------------------------------------------------------------------------+
; TimeQuest Timing Analyzer Summary                                                      ;
+--------------------+-------------------------------------------------------------------+
; Quartus II Version ; Version 13.0.1 Build 232 06/12/2013 Service Pack 1 SJ Web Edition ;
; Revision Name      ; binary_to_7segment                                                ;
; Device Family      ; Cyclone II                                                        ;
; Device Name        ; EP2C35F672C6                                                      ;
; Timing Models      ; Final                                                             ;
; Delay Model        ; Combined                                                          ;
; Rise/Fall Delays   ; Unavailable                                                       ;
+--------------------+-------------------------------------------------------------------+


Parallel compilation was disabled, but you have multiple processors available. Enable parallel compilation to reduce compilation time.
+-------------------------------------+
; Parallel Compilation                ;
+----------------------------+--------+
; Processors                 ; Number ;
+----------------------------+--------+
; Number detected on machine ; 16     ;
; Maximum allowed            ; 1      ;
+----------------------------+--------+


----------
; Clocks ;
----------
No clocks to report.


---------------------------
; Slow Model Fmax Summary ;
---------------------------
No paths to report.


----------------------------
; Slow Model Setup Summary ;
----------------------------
No paths to report.


---------------------------
; Slow Model Hold Summary ;
---------------------------
No paths to report.


-------------------------------
; Slow Model Recovery Summary ;
-------------------------------
No paths to report.


------------------------------
; Slow Model Removal Summary ;
------------------------------
No paths to report.


------------------------------------------
; Slow Model Minimum Pulse Width Summary ;
------------------------------------------
No paths to report.


+-----------------------------------------------------------------------+
; Propagation Delay                                                     ;
+-----------------+-----------------+--------+--------+--------+--------+
; Input Port      ; Output Port     ; RR     ; RF     ; FR     ; FF     ;
+-----------------+-----------------+--------+--------+--------+--------+
; binary_input[0] ; seg_units[0]    ; 7.060  ; 7.060  ; 7.060  ; 7.060  ;
; binary_input[0] ; seg_units[1]    ; 7.035  ; 7.035  ; 7.035  ; 7.035  ;
; binary_input[0] ; seg_units[2]    ;        ; 7.036  ; 7.036  ;        ;
; binary_input[0] ; seg_units[3]    ; 6.804  ; 6.804  ; 6.804  ; 6.804  ;
; binary_input[0] ; seg_units[4]    ; 6.811  ;        ;        ; 6.811  ;
; binary_input[0] ; seg_units[5]    ; 6.762  ;        ;        ; 6.762  ;
; binary_input[0] ; seg_units[6]    ; 6.799  ;        ;        ; 6.799  ;
; binary_input[1] ; seg_tens[0]     ; 9.040  ; 9.040  ; 9.040  ; 9.040  ;
; binary_input[1] ; seg_tens[1]     ; 8.942  ; 8.942  ; 8.942  ; 8.942  ;
; binary_input[1] ; seg_tens[2]     ; 8.642  ; 8.642  ; 8.642  ; 8.642  ;
; binary_input[1] ; seg_tens[3]     ; 8.644  ; 8.644  ; 8.644  ; 8.644  ;
; binary_input[1] ; seg_tens[4]     ; 8.615  ; 8.615  ; 8.615  ; 8.615  ;
; binary_input[1] ; seg_tens[5]     ; 8.813  ; 8.813  ; 8.813  ; 8.813  ;
; binary_input[1] ; seg_tens[6]     ; 8.951  ; 8.951  ; 8.951  ; 8.951  ;
; binary_input[1] ; seg_units[0]    ; 7.690  ; 7.690  ; 7.690  ; 7.690  ;
; binary_input[1] ; seg_units[1]    ; 7.666  ; 7.666  ; 7.666  ; 7.666  ;
; binary_input[1] ; seg_units[2]    ; 7.673  ; 7.673  ; 7.673  ; 7.673  ;
; binary_input[1] ; seg_units[3]    ; 7.444  ; 7.444  ; 7.444  ; 7.444  ;
; binary_input[1] ; seg_units[4]    ; 7.442  ; 7.442  ; 7.442  ; 7.442  ;
; binary_input[1] ; seg_units[5]    ; 7.424  ; 7.424  ; 7.424  ; 7.424  ;
; binary_input[1] ; seg_units[6]    ; 7.429  ; 7.429  ; 7.429  ; 7.429  ;
; binary_input[2] ; seg_hundreds[0] ; 14.742 ; 14.742 ; 14.742 ; 14.742 ;
; binary_input[2] ; seg_hundreds[2] ; 14.761 ; 14.761 ; 14.761 ; 14.761 ;
; binary_input[2] ; seg_hundreds[3] ; 14.776 ; 14.776 ; 14.776 ; 14.776 ;
; binary_input[2] ; seg_hundreds[4] ; 13.545 ; 13.545 ; 13.545 ; 13.545 ;
; binary_input[2] ; seg_hundreds[5] ; 14.763 ; 14.763 ; 14.763 ; 14.763 ;
; binary_input[2] ; seg_tens[0]     ; 15.579 ; 15.579 ; 15.579 ; 15.579 ;
; binary_input[2] ; seg_tens[1]     ; 15.475 ; 15.475 ; 15.475 ; 15.475 ;
; binary_input[2] ; seg_tens[2]     ; 15.173 ; 15.173 ; 15.173 ; 15.173 ;
; binary_input[2] ; seg_tens[3]     ; 15.184 ; 15.184 ; 15.184 ; 15.184 ;
; binary_input[2] ; seg_tens[4]     ; 15.152 ; 15.152 ; 15.152 ; 15.152 ;
; binary_input[2] ; seg_tens[5]     ; 15.358 ; 15.358 ; 15.358 ; 15.358 ;
; binary_input[2] ; seg_tens[6]     ; 15.491 ; 15.491 ; 15.491 ; 15.491 ;
; binary_input[2] ; seg_units[0]    ; 8.457  ; 8.457  ; 8.457  ; 8.457  ;
; binary_input[2] ; seg_units[1]    ; 8.433  ; 8.433  ; 8.433  ; 8.433  ;
; binary_input[2] ; seg_units[2]    ; 8.440  ; 8.440  ; 8.440  ; 8.440  ;
; binary_input[2] ; seg_units[3]    ; 8.211  ; 8.211  ; 8.211  ; 8.211  ;
; binary_input[2] ; seg_units[4]    ; 8.209  ; 8.209  ; 8.209  ; 8.209  ;
; binary_input[2] ; seg_units[5]    ; 8.191  ; 8.191  ; 8.191  ; 8.191  ;
; binary_input[2] ; seg_units[6]    ; 8.196  ; 8.196  ; 8.196  ; 8.196  ;
; binary_input[3] ; seg_hundreds[0] ; 20.505 ; 20.505 ; 20.505 ; 20.505 ;
; binary_input[3] ; seg_hundreds[2] ; 20.524 ; 20.524 ; 20.524 ; 20.524 ;
; binary_input[3] ; seg_hundreds[3] ; 20.539 ; 20.539 ; 20.539 ; 20.539 ;
; binary_input[3] ; seg_hundreds[4] ; 19.308 ; 19.308 ; 19.308 ; 19.308 ;
; binary_input[3] ; seg_hundreds[5] ; 20.526 ; 20.526 ; 20.526 ; 20.526 ;
; binary_input[3] ; seg_hundreds[6] ;        ; 12.916 ; 12.916 ;        ;
; binary_input[3] ; seg_tens[0]     ; 21.342 ; 21.342 ; 21.342 ; 21.342 ;
; binary_input[3] ; seg_tens[1]     ; 21.238 ; 21.238 ; 21.238 ; 21.238 ;
; binary_input[3] ; seg_tens[2]     ; 20.936 ; 20.936 ; 20.936 ; 20.936 ;
; binary_input[3] ; seg_tens[3]     ; 20.947 ; 20.947 ; 20.947 ; 20.947 ;
; binary_input[3] ; seg_tens[4]     ; 20.915 ; 20.915 ; 20.915 ; 20.915 ;
; binary_input[3] ; seg_tens[5]     ; 21.121 ; 21.121 ; 21.121 ; 21.121 ;
; binary_input[3] ; seg_tens[6]     ; 21.254 ; 21.254 ; 21.254 ; 21.254 ;
; binary_input[3] ; seg_units[0]    ; 13.050 ; 13.050 ; 13.050 ; 13.050 ;
; binary_input[3] ; seg_units[1]    ; 13.026 ; 13.026 ; 13.026 ; 13.026 ;
; binary_input[3] ; seg_units[2]    ; 13.033 ; 13.033 ; 13.033 ; 13.033 ;
; binary_input[3] ; seg_units[3]    ; 12.804 ; 12.804 ; 12.804 ; 12.804 ;
; binary_input[3] ; seg_units[4]    ; 12.802 ; 12.802 ; 12.802 ; 12.802 ;
; binary_input[3] ; seg_units[5]    ; 12.784 ; 12.784 ; 12.784 ; 12.784 ;
; binary_input[3] ; seg_units[6]    ; 12.789 ; 12.789 ; 12.789 ; 12.789 ;
; binary_input[4] ; seg_hundreds[0] ; 20.357 ; 20.357 ; 20.357 ; 20.357 ;
; binary_input[4] ; seg_hundreds[2] ; 20.376 ; 20.376 ; 20.376 ; 20.376 ;
; binary_input[4] ; seg_hundreds[3] ; 20.391 ; 20.391 ; 20.391 ; 20.391 ;
; binary_input[4] ; seg_hundreds[4] ; 19.160 ; 19.160 ; 19.160 ; 19.160 ;
; binary_input[4] ; seg_hundreds[5] ; 20.378 ; 20.378 ; 20.378 ; 20.378 ;
; binary_input[4] ; seg_hundreds[6] ;        ; 12.768 ; 12.768 ;        ;
; binary_input[4] ; seg_tens[0]     ; 21.194 ; 21.194 ; 21.194 ; 21.194 ;
; binary_input[4] ; seg_tens[1]     ; 21.090 ; 21.090 ; 21.090 ; 21.090 ;
; binary_input[4] ; seg_tens[2]     ; 20.788 ; 20.788 ; 20.788 ; 20.788 ;
; binary_input[4] ; seg_tens[3]     ; 20.799 ; 20.799 ; 20.799 ; 20.799 ;
; binary_input[4] ; seg_tens[4]     ; 20.767 ; 20.767 ; 20.767 ; 20.767 ;
; binary_input[4] ; seg_tens[5]     ; 20.973 ; 20.973 ; 20.973 ; 20.973 ;
; binary_input[4] ; seg_tens[6]     ; 21.106 ; 21.106 ; 21.106 ; 21.106 ;
; binary_input[4] ; seg_units[0]    ; 13.911 ; 13.911 ; 13.911 ; 13.911 ;
; binary_input[4] ; seg_units[1]    ; 13.887 ; 13.887 ; 13.887 ; 13.887 ;
; binary_input[4] ; seg_units[2]    ; 13.894 ; 13.894 ; 13.894 ; 13.894 ;
; binary_input[4] ; seg_units[3]    ; 13.665 ; 13.665 ; 13.665 ; 13.665 ;
; binary_input[4] ; seg_units[4]    ; 13.663 ; 13.663 ; 13.663 ; 13.663 ;
; binary_input[4] ; seg_units[5]    ; 13.645 ; 13.645 ; 13.645 ; 13.645 ;
; binary_input[4] ; seg_units[6]    ; 13.650 ; 13.650 ; 13.650 ; 13.650 ;
; binary_input[5] ; seg_hundreds[0] ; 20.362 ; 20.362 ; 20.362 ; 20.362 ;
; binary_input[5] ; seg_hundreds[2] ; 20.381 ; 20.381 ; 20.381 ; 20.381 ;
; binary_input[5] ; seg_hundreds[3] ; 20.396 ; 20.396 ; 20.396 ; 20.396 ;
; binary_input[5] ; seg_hundreds[4] ; 19.165 ; 19.165 ; 19.165 ; 19.165 ;
; binary_input[5] ; seg_hundreds[5] ; 20.383 ; 20.383 ; 20.383 ; 20.383 ;
; binary_input[5] ; seg_hundreds[6] ;        ; 12.662 ; 12.662 ;        ;
; binary_input[5] ; seg_tens[0]     ; 21.199 ; 21.199 ; 21.199 ; 21.199 ;
; binary_input[5] ; seg_tens[1]     ; 21.095 ; 21.095 ; 21.095 ; 21.095 ;
; binary_input[5] ; seg_tens[2]     ; 20.793 ; 20.793 ; 20.793 ; 20.793 ;
; binary_input[5] ; seg_tens[3]     ; 20.804 ; 20.804 ; 20.804 ; 20.804 ;
; binary_input[5] ; seg_tens[4]     ; 20.772 ; 20.772 ; 20.772 ; 20.772 ;
; binary_input[5] ; seg_tens[5]     ; 20.978 ; 20.978 ; 20.978 ; 20.978 ;
; binary_input[5] ; seg_tens[6]     ; 21.111 ; 21.111 ; 21.111 ; 21.111 ;
; binary_input[5] ; seg_units[0]    ; 14.096 ; 14.096 ; 14.096 ; 14.096 ;
; binary_input[5] ; seg_units[1]    ; 14.072 ; 14.072 ; 14.072 ; 14.072 ;
; binary_input[5] ; seg_units[2]    ; 14.079 ; 14.079 ; 14.079 ; 14.079 ;
; binary_input[5] ; seg_units[3]    ; 13.850 ; 13.850 ; 13.850 ; 13.850 ;
; binary_input[5] ; seg_units[4]    ; 13.848 ; 13.848 ; 13.848 ; 13.848 ;
; binary_input[5] ; seg_units[5]    ; 13.830 ; 13.830 ; 13.830 ; 13.830 ;
; binary_input[5] ; seg_units[6]    ; 13.835 ; 13.835 ; 13.835 ; 13.835 ;
; binary_input[6] ; seg_hundreds[0] ; 21.242 ; 21.242 ; 21.242 ; 21.242 ;
; binary_input[6] ; seg_hundreds[2] ; 21.261 ; 21.261 ; 21.261 ; 21.261 ;
; binary_input[6] ; seg_hundreds[3] ; 21.276 ; 21.276 ; 21.276 ; 21.276 ;
; binary_input[6] ; seg_hundreds[4] ; 20.045 ; 20.045 ; 20.045 ; 20.045 ;
; binary_input[6] ; seg_hundreds[5] ; 21.263 ; 21.263 ; 21.263 ; 21.263 ;
; binary_input[6] ; seg_hundreds[6] ;        ; 13.653 ; 13.653 ;        ;
; binary_input[6] ; seg_tens[0]     ; 22.079 ; 22.079 ; 22.079 ; 22.079 ;
; binary_input[6] ; seg_tens[1]     ; 21.975 ; 21.975 ; 21.975 ; 21.975 ;
; binary_input[6] ; seg_tens[2]     ; 21.673 ; 21.673 ; 21.673 ; 21.673 ;
; binary_input[6] ; seg_tens[3]     ; 21.684 ; 21.684 ; 21.684 ; 21.684 ;
; binary_input[6] ; seg_tens[4]     ; 21.652 ; 21.652 ; 21.652 ; 21.652 ;
; binary_input[6] ; seg_tens[5]     ; 21.858 ; 21.858 ; 21.858 ; 21.858 ;
; binary_input[6] ; seg_tens[6]     ; 21.991 ; 21.991 ; 21.991 ; 21.991 ;
; binary_input[6] ; seg_units[0]    ; 13.843 ; 13.843 ; 13.843 ; 13.843 ;
; binary_input[6] ; seg_units[1]    ; 13.819 ; 13.819 ; 13.819 ; 13.819 ;
; binary_input[6] ; seg_units[2]    ; 13.826 ; 13.826 ; 13.826 ; 13.826 ;
; binary_input[6] ; seg_units[3]    ; 13.597 ; 13.597 ; 13.597 ; 13.597 ;
; binary_input[6] ; seg_units[4]    ; 13.595 ; 13.595 ; 13.595 ; 13.595 ;
; binary_input[6] ; seg_units[5]    ; 13.577 ; 13.577 ; 13.577 ; 13.577 ;
; binary_input[6] ; seg_units[6]    ; 13.582 ; 13.582 ; 13.582 ; 13.582 ;
; binary_input[7] ; seg_hundreds[0] ; 20.893 ; 20.893 ; 20.893 ; 20.893 ;
; binary_input[7] ; seg_hundreds[2] ; 20.912 ; 20.912 ; 20.912 ; 20.912 ;
; binary_input[7] ; seg_hundreds[3] ; 20.927 ; 20.927 ; 20.927 ; 20.927 ;
; binary_input[7] ; seg_hundreds[4] ; 19.696 ; 19.696 ; 19.696 ; 19.696 ;
; binary_input[7] ; seg_hundreds[5] ; 20.914 ; 20.914 ; 20.914 ; 20.914 ;
; binary_input[7] ; seg_hundreds[6] ;        ; 13.304 ; 13.304 ;        ;
; binary_input[7] ; seg_tens[0]     ; 21.730 ; 21.730 ; 21.730 ; 21.730 ;
; binary_input[7] ; seg_tens[1]     ; 21.626 ; 21.626 ; 21.626 ; 21.626 ;
; binary_input[7] ; seg_tens[2]     ; 21.324 ; 21.324 ; 21.324 ; 21.324 ;
; binary_input[7] ; seg_tens[3]     ; 21.335 ; 21.335 ; 21.335 ; 21.335 ;
; binary_input[7] ; seg_tens[4]     ; 21.303 ; 21.303 ; 21.303 ; 21.303 ;
; binary_input[7] ; seg_tens[5]     ; 21.509 ; 21.509 ; 21.509 ; 21.509 ;
; binary_input[7] ; seg_tens[6]     ; 21.642 ; 21.642 ; 21.642 ; 21.642 ;
; binary_input[7] ; seg_units[0]    ; 14.044 ; 14.044 ; 14.044 ; 14.044 ;
; binary_input[7] ; seg_units[1]    ; 14.020 ; 14.020 ; 14.020 ; 14.020 ;
; binary_input[7] ; seg_units[2]    ; 14.027 ; 14.027 ; 14.027 ; 14.027 ;
; binary_input[7] ; seg_units[3]    ; 13.798 ; 13.798 ; 13.798 ; 13.798 ;
; binary_input[7] ; seg_units[4]    ; 13.796 ; 13.796 ; 13.796 ; 13.796 ;
; binary_input[7] ; seg_units[5]    ; 13.778 ; 13.778 ; 13.778 ; 13.778 ;
; binary_input[7] ; seg_units[6]    ; 13.783 ; 13.783 ; 13.783 ; 13.783 ;
+-----------------+-----------------+--------+--------+--------+--------+


+-----------------------------------------------------------------------+
; Minimum Propagation Delay                                             ;
+-----------------+-----------------+--------+--------+--------+--------+
; Input Port      ; Output Port     ; RR     ; RF     ; FR     ; FF     ;
+-----------------+-----------------+--------+--------+--------+--------+
; binary_input[0] ; seg_units[0]    ; 7.060  ; 7.060  ; 7.060  ; 7.060  ;
; binary_input[0] ; seg_units[1]    ; 7.035  ; 7.035  ; 7.035  ; 7.035  ;
; binary_input[0] ; seg_units[2]    ;        ; 7.036  ; 7.036  ;        ;
; binary_input[0] ; seg_units[3]    ; 6.804  ; 6.804  ; 6.804  ; 6.804  ;
; binary_input[0] ; seg_units[4]    ; 6.811  ;        ;        ; 6.811  ;
; binary_input[0] ; seg_units[5]    ; 6.762  ;        ;        ; 6.762  ;
; binary_input[0] ; seg_units[6]    ; 6.799  ;        ;        ; 6.799  ;
; binary_input[1] ; seg_tens[0]     ; 9.040  ; 9.040  ; 9.040  ; 9.040  ;
; binary_input[1] ; seg_tens[1]     ; 8.942  ; 8.942  ; 8.942  ; 8.942  ;
; binary_input[1] ; seg_tens[2]     ; 8.642  ; 8.642  ; 8.642  ; 8.642  ;
; binary_input[1] ; seg_tens[3]     ; 8.644  ; 8.644  ; 8.644  ; 8.644  ;
; binary_input[1] ; seg_tens[4]     ; 8.615  ; 8.615  ; 8.615  ; 8.615  ;
; binary_input[1] ; seg_tens[5]     ; 8.813  ; 8.813  ; 8.813  ; 8.813  ;
; binary_input[1] ; seg_tens[6]     ; 8.951  ; 8.951  ; 8.951  ; 8.951  ;
; binary_input[1] ; seg_units[0]    ; 7.365  ; 7.365  ; 7.365  ; 7.365  ;
; binary_input[1] ; seg_units[1]    ; 7.341  ; 7.341  ; 7.341  ; 7.341  ;
; binary_input[1] ; seg_units[2]    ; 7.340  ; 7.340  ; 7.340  ; 7.340  ;
; binary_input[1] ; seg_units[3]    ; 7.112  ; 7.112  ; 7.112  ; 7.112  ;
; binary_input[1] ; seg_units[4]    ; 7.116  ; 7.116  ; 7.116  ; 7.116  ;
; binary_input[1] ; seg_units[5]    ; 7.098  ; 7.098  ; 7.098  ; 7.098  ;
; binary_input[1] ; seg_units[6]    ; 7.103  ; 7.103  ; 7.103  ; 7.103  ;
; binary_input[2] ; seg_hundreds[0] ; 14.742 ; 14.742 ; 14.742 ; 14.742 ;
; binary_input[2] ; seg_hundreds[2] ; 14.761 ; 14.761 ; 14.761 ; 14.761 ;
; binary_input[2] ; seg_hundreds[3] ; 14.776 ; 14.776 ; 14.776 ; 14.776 ;
; binary_input[2] ; seg_hundreds[4] ; 13.545 ; 13.545 ; 13.545 ; 13.545 ;
; binary_input[2] ; seg_hundreds[5] ; 14.763 ; 14.763 ; 14.763 ; 14.763 ;
; binary_input[2] ; seg_tens[0]     ; 9.563  ; 9.563  ; 9.563  ; 9.563  ;
; binary_input[2] ; seg_tens[1]     ; 9.465  ; 9.465  ; 9.465  ; 9.465  ;
; binary_input[2] ; seg_tens[2]     ; 9.165  ; 9.165  ; 9.165  ; 9.165  ;
; binary_input[2] ; seg_tens[3]     ; 9.167  ; 9.167  ; 9.167  ; 9.167  ;
; binary_input[2] ; seg_tens[4]     ; 9.138  ; 9.138  ; 9.138  ; 9.138  ;
; binary_input[2] ; seg_tens[5]     ; 9.336  ; 9.336  ; 9.336  ; 9.336  ;
; binary_input[2] ; seg_tens[6]     ; 9.474  ; 9.474  ; 9.474  ; 9.474  ;
; binary_input[2] ; seg_units[0]    ; 7.886  ; 7.886  ; 7.886  ; 7.886  ;
; binary_input[2] ; seg_units[1]    ; 7.862  ; 7.862  ; 7.862  ; 7.862  ;
; binary_input[2] ; seg_units[2]    ; 7.861  ; 7.861  ; 7.861  ; 7.861  ;
; binary_input[2] ; seg_units[3]    ; 7.633  ; 7.633  ; 7.633  ; 7.633  ;
; binary_input[2] ; seg_units[4]    ; 7.637  ; 7.637  ; 7.637  ; 7.637  ;
; binary_input[2] ; seg_units[5]    ; 7.619  ; 7.619  ; 7.619  ; 7.619  ;
; binary_input[2] ; seg_units[6]    ; 7.624  ; 7.624  ; 7.624  ; 7.624  ;
; binary_input[3] ; seg_hundreds[0] ; 14.764 ; 14.617 ; 14.617 ; 14.764 ;
; binary_input[3] ; seg_hundreds[2] ; 14.600 ; 14.783 ; 14.783 ; 14.600 ;
; binary_input[3] ; seg_hundreds[3] ; 14.798 ; 14.651 ; 14.651 ; 14.798 ;
; binary_input[3] ; seg_hundreds[4] ; 13.567 ; 13.567 ; 13.567 ; 13.567 ;
; binary_input[3] ; seg_hundreds[5] ; 14.631 ; 14.785 ; 14.785 ; 14.631 ;
; binary_input[3] ; seg_hundreds[6] ;        ; 12.916 ; 12.916 ;        ;
; binary_input[3] ; seg_tens[0]     ; 13.433 ; 13.433 ; 13.433 ; 13.433 ;
; binary_input[3] ; seg_tens[1]     ; 13.329 ; 13.329 ; 13.329 ; 13.329 ;
; binary_input[3] ; seg_tens[2]     ; 13.027 ; 13.027 ; 13.027 ; 13.027 ;
; binary_input[3] ; seg_tens[3]     ; 13.038 ; 13.038 ; 13.038 ; 13.038 ;
; binary_input[3] ; seg_tens[4]     ; 13.006 ; 13.006 ; 13.006 ; 13.006 ;
; binary_input[3] ; seg_tens[5]     ; 13.212 ; 13.212 ; 13.212 ; 13.212 ;
; binary_input[3] ; seg_tens[6]     ; 13.345 ; 13.345 ; 13.345 ; 13.345 ;
; binary_input[3] ; seg_units[0]    ; 12.170 ; 12.170 ; 12.170 ; 12.170 ;
; binary_input[3] ; seg_units[1]    ; 12.146 ; 12.146 ; 12.146 ; 12.146 ;
; binary_input[3] ; seg_units[2]    ; 12.145 ; 12.145 ; 12.145 ; 12.145 ;
; binary_input[3] ; seg_units[3]    ; 11.917 ; 11.917 ; 11.917 ; 11.917 ;
; binary_input[3] ; seg_units[4]    ; 11.921 ; 11.921 ; 11.921 ; 11.921 ;
; binary_input[3] ; seg_units[5]    ; 11.903 ; 11.903 ; 11.903 ; 11.903 ;
; binary_input[3] ; seg_units[6]    ; 11.908 ; 11.908 ; 11.908 ; 11.908 ;
; binary_input[4] ; seg_hundreds[0] ; 14.055 ; 14.055 ; 14.055 ; 14.055 ;
; binary_input[4] ; seg_hundreds[2] ; 14.074 ; 14.074 ; 14.074 ; 14.074 ;
; binary_input[4] ; seg_hundreds[3] ; 14.089 ; 14.089 ; 14.089 ; 14.089 ;
; binary_input[4] ; seg_hundreds[4] ; 12.858 ; 12.858 ; 12.858 ; 12.858 ;
; binary_input[4] ; seg_hundreds[5] ; 14.076 ; 14.076 ; 14.076 ; 14.076 ;
; binary_input[4] ; seg_hundreds[6] ;        ; 12.768 ; 12.768 ;        ;
; binary_input[4] ; seg_tens[0]     ; 13.336 ; 13.336 ; 13.336 ; 13.336 ;
; binary_input[4] ; seg_tens[1]     ; 13.232 ; 14.026 ; 14.026 ; 13.232 ;
; binary_input[4] ; seg_tens[2]     ; 12.930 ; 12.930 ; 12.930 ; 12.930 ;
; binary_input[4] ; seg_tens[3]     ; 12.941 ; 12.941 ; 12.941 ; 12.941 ;
; binary_input[4] ; seg_tens[4]     ; 12.909 ; 13.703 ; 13.703 ; 12.909 ;
; binary_input[4] ; seg_tens[5]     ; 13.115 ; 13.115 ; 13.115 ; 13.115 ;
; binary_input[4] ; seg_tens[6]     ; 13.248 ; 13.248 ; 13.248 ; 13.248 ;
; binary_input[4] ; seg_units[0]    ; 12.874 ; 12.874 ; 12.874 ; 12.874 ;
; binary_input[4] ; seg_units[1]    ; 12.850 ; 12.850 ; 12.850 ; 12.850 ;
; binary_input[4] ; seg_units[2]    ; 12.849 ; 12.849 ; 12.849 ; 12.849 ;
; binary_input[4] ; seg_units[3]    ; 12.621 ; 12.621 ; 12.621 ; 12.621 ;
; binary_input[4] ; seg_units[4]    ; 12.625 ; 12.625 ; 12.625 ; 12.625 ;
; binary_input[4] ; seg_units[5]    ; 12.607 ; 12.607 ; 12.607 ; 12.607 ;
; binary_input[4] ; seg_units[6]    ; 12.612 ; 12.612 ; 12.612 ; 12.612 ;
; binary_input[5] ; seg_hundreds[0] ; 14.084 ; 14.084 ; 14.084 ; 14.084 ;
; binary_input[5] ; seg_hundreds[2] ; 14.103 ; 14.103 ; 14.103 ; 14.103 ;
; binary_input[5] ; seg_hundreds[3] ; 14.118 ; 14.118 ; 14.118 ; 14.118 ;
; binary_input[5] ; seg_hundreds[4] ; 12.887 ; 12.887 ; 12.887 ; 12.887 ;
; binary_input[5] ; seg_hundreds[5] ; 14.105 ; 14.105 ; 14.105 ; 14.105 ;
; binary_input[5] ; seg_hundreds[6] ;        ; 12.662 ; 12.662 ;        ;
; binary_input[5] ; seg_tens[0]     ; 13.510 ; 13.510 ; 13.510 ; 13.510 ;
; binary_input[5] ; seg_tens[1]     ; 13.406 ; 13.755 ; 13.755 ; 13.406 ;
; binary_input[5] ; seg_tens[2]     ; 13.104 ; 13.104 ; 13.104 ; 13.104 ;
; binary_input[5] ; seg_tens[3]     ; 13.115 ; 13.115 ; 13.115 ; 13.115 ;
; binary_input[5] ; seg_tens[4]     ; 13.083 ; 13.432 ; 13.432 ; 13.083 ;
; binary_input[5] ; seg_tens[5]     ; 13.289 ; 13.289 ; 13.289 ; 13.289 ;
; binary_input[5] ; seg_tens[6]     ; 13.422 ; 13.422 ; 13.422 ; 13.422 ;
; binary_input[5] ; seg_units[0]    ; 13.075 ; 13.075 ; 13.075 ; 13.075 ;
; binary_input[5] ; seg_units[1]    ; 13.051 ; 13.051 ; 13.051 ; 13.051 ;
; binary_input[5] ; seg_units[2]    ; 13.050 ; 13.050 ; 13.050 ; 13.050 ;
; binary_input[5] ; seg_units[3]    ; 12.822 ; 12.822 ; 12.822 ; 12.822 ;
; binary_input[5] ; seg_units[4]    ; 12.826 ; 12.826 ; 12.826 ; 12.826 ;
; binary_input[5] ; seg_units[5]    ; 12.808 ; 12.808 ; 12.808 ; 12.808 ;
; binary_input[5] ; seg_units[6]    ; 12.813 ; 12.813 ; 12.813 ; 12.813 ;
; binary_input[6] ; seg_hundreds[0] ; 13.991 ; 13.991 ; 13.991 ; 13.991 ;
; binary_input[6] ; seg_hundreds[2] ; 14.010 ; 14.010 ; 14.010 ; 14.010 ;
; binary_input[6] ; seg_hundreds[3] ; 14.025 ; 14.025 ; 14.025 ; 14.025 ;
; binary_input[6] ; seg_hundreds[4] ; 12.794 ; 12.794 ; 12.794 ; 12.794 ;
; binary_input[6] ; seg_hundreds[5] ; 14.012 ; 14.012 ; 14.012 ; 14.012 ;
; binary_input[6] ; seg_hundreds[6] ;        ; 13.653 ; 13.653 ;        ;
; binary_input[6] ; seg_tens[0]     ; 13.270 ; 13.270 ; 13.270 ; 13.270 ;
; binary_input[6] ; seg_tens[1]     ; 13.166 ; 13.488 ; 13.488 ; 13.166 ;
; binary_input[6] ; seg_tens[2]     ; 12.864 ; 12.864 ; 12.864 ; 12.864 ;
; binary_input[6] ; seg_tens[3]     ; 12.875 ; 12.875 ; 12.875 ; 12.875 ;
; binary_input[6] ; seg_tens[4]     ; 12.843 ; 13.165 ; 13.165 ; 12.843 ;
; binary_input[6] ; seg_tens[5]     ; 13.049 ; 13.049 ; 13.049 ; 13.049 ;
; binary_input[6] ; seg_tens[6]     ; 13.182 ; 13.182 ; 13.182 ; 13.182 ;
; binary_input[6] ; seg_units[0]    ; 12.808 ; 12.808 ; 12.808 ; 12.808 ;
; binary_input[6] ; seg_units[1]    ; 12.784 ; 12.784 ; 12.784 ; 12.784 ;
; binary_input[6] ; seg_units[2]    ; 12.783 ; 12.783 ; 12.783 ; 12.783 ;
; binary_input[6] ; seg_units[3]    ; 12.555 ; 12.555 ; 12.555 ; 12.555 ;
; binary_input[6] ; seg_units[4]    ; 12.559 ; 12.559 ; 12.559 ; 12.559 ;
; binary_input[6] ; seg_units[5]    ; 12.541 ; 12.541 ; 12.541 ; 12.541 ;
; binary_input[6] ; seg_units[6]    ; 12.546 ; 12.546 ; 12.546 ; 12.546 ;
; binary_input[7] ; seg_hundreds[0] ; 14.190 ; 14.190 ; 14.190 ; 14.190 ;
; binary_input[7] ; seg_hundreds[2] ; 14.209 ; 14.209 ; 14.209 ; 14.209 ;
; binary_input[7] ; seg_hundreds[3] ; 14.224 ; 14.224 ; 14.224 ; 14.224 ;
; binary_input[7] ; seg_hundreds[4] ; 12.993 ; 12.993 ; 12.993 ; 12.993 ;
; binary_input[7] ; seg_hundreds[5] ; 14.211 ; 14.211 ; 14.211 ; 14.211 ;
; binary_input[7] ; seg_hundreds[6] ;        ; 13.304 ; 13.304 ;        ;
; binary_input[7] ; seg_tens[0]     ; 13.062 ; 13.062 ; 13.062 ; 13.062 ;
; binary_input[7] ; seg_tens[1]     ; 13.339 ; 12.958 ; 12.958 ; 13.339 ;
; binary_input[7] ; seg_tens[2]     ; 12.656 ; 12.656 ; 12.656 ; 12.656 ;
; binary_input[7] ; seg_tens[3]     ; 12.667 ; 12.667 ; 12.667 ; 12.667 ;
; binary_input[7] ; seg_tens[4]     ; 13.016 ; 12.635 ; 12.635 ; 13.016 ;
; binary_input[7] ; seg_tens[5]     ; 12.841 ; 12.841 ; 12.841 ; 12.841 ;
; binary_input[7] ; seg_tens[6]     ; 12.974 ; 12.974 ; 12.974 ; 12.974 ;
; binary_input[7] ; seg_units[0]    ; 13.003 ; 13.003 ; 13.003 ; 13.003 ;
; binary_input[7] ; seg_units[1]    ; 12.979 ; 12.979 ; 12.979 ; 12.979 ;
; binary_input[7] ; seg_units[2]    ; 12.978 ; 12.978 ; 12.978 ; 12.978 ;
; binary_input[7] ; seg_units[3]    ; 12.750 ; 12.750 ; 12.750 ; 12.750 ;
; binary_input[7] ; seg_units[4]    ; 12.754 ; 12.754 ; 12.754 ; 12.754 ;
; binary_input[7] ; seg_units[5]    ; 12.736 ; 12.736 ; 12.736 ; 12.736 ;
; binary_input[7] ; seg_units[6]    ; 12.741 ; 12.741 ; 12.741 ; 12.741 ;
+-----------------+-----------------+--------+--------+--------+--------+


----------------------------
; Fast Model Setup Summary ;
----------------------------
No paths to report.


---------------------------
; Fast Model Hold Summary ;
---------------------------
No paths to report.


-------------------------------
; Fast Model Recovery Summary ;
-------------------------------
No paths to report.


------------------------------
; Fast Model Removal Summary ;
------------------------------
No paths to report.


------------------------------------------
; Fast Model Minimum Pulse Width Summary ;
------------------------------------------
No paths to report.


+-----------------------------------------------------------------------+
; Propagation Delay                                                     ;
+-----------------+-----------------+--------+--------+--------+--------+
; Input Port      ; Output Port     ; RR     ; RF     ; FR     ; FF     ;
+-----------------+-----------------+--------+--------+--------+--------+
; binary_input[0] ; seg_units[0]    ; 3.706  ; 3.706  ; 3.706  ; 3.706  ;
; binary_input[0] ; seg_units[1]    ; 3.680  ; 3.680  ; 3.680  ; 3.680  ;
; binary_input[0] ; seg_units[2]    ;        ; 3.680  ; 3.680  ;        ;
; binary_input[0] ; seg_units[3]    ; 3.580  ; 3.580  ; 3.580  ; 3.580  ;
; binary_input[0] ; seg_units[4]    ; 3.588  ;        ;        ; 3.588  ;
; binary_input[0] ; seg_units[5]    ; 3.573  ;        ;        ; 3.573  ;
; binary_input[0] ; seg_units[6]    ; 3.575  ;        ;        ; 3.575  ;
; binary_input[1] ; seg_tens[0]     ; 4.569  ; 4.569  ; 4.569  ; 4.569  ;
; binary_input[1] ; seg_tens[1]     ; 4.523  ; 4.523  ; 4.523  ; 4.523  ;
; binary_input[1] ; seg_tens[2]     ; 4.344  ; 4.344  ; 4.344  ; 4.344  ;
; binary_input[1] ; seg_tens[3]     ; 4.342  ; 4.342  ; 4.342  ; 4.342  ;
; binary_input[1] ; seg_tens[4]     ; 4.337  ; 4.337  ; 4.337  ; 4.337  ;
; binary_input[1] ; seg_tens[5]     ; 4.417  ; 4.417  ; 4.417  ; 4.417  ;
; binary_input[1] ; seg_tens[6]     ; 4.495  ; 4.495  ; 4.495  ; 4.495  ;
; binary_input[1] ; seg_units[0]    ; 3.954  ; 3.954  ; 3.954  ; 3.954  ;
; binary_input[1] ; seg_units[1]    ; 3.935  ; 3.935  ; 3.935  ; 3.935  ;
; binary_input[1] ; seg_units[2]    ; 3.936  ; 3.936  ; 3.936  ; 3.936  ;
; binary_input[1] ; seg_units[3]    ; 3.836  ; 3.836  ; 3.836  ; 3.836  ;
; binary_input[1] ; seg_units[4]    ; 3.835  ; 3.835  ; 3.835  ; 3.835  ;
; binary_input[1] ; seg_units[5]    ; 3.823  ; 3.823  ; 3.823  ; 3.823  ;
; binary_input[1] ; seg_units[6]    ; 3.825  ; 3.825  ; 3.825  ; 3.825  ;
; binary_input[2] ; seg_hundreds[0] ; 7.186  ; 7.186  ; 7.186  ; 7.186  ;
; binary_input[2] ; seg_hundreds[2] ; 7.204  ; 7.204  ; 7.204  ; 7.204  ;
; binary_input[2] ; seg_hundreds[3] ; 7.218  ; 7.218  ; 7.218  ; 7.218  ;
; binary_input[2] ; seg_hundreds[4] ; 6.655  ; 6.655  ; 6.655  ; 6.655  ;
; binary_input[2] ; seg_hundreds[5] ; 7.224  ; 7.224  ; 7.224  ; 7.224  ;
; binary_input[2] ; seg_tens[0]     ; 7.597  ; 7.597  ; 7.597  ; 7.597  ;
; binary_input[2] ; seg_tens[1]     ; 7.544  ; 7.544  ; 7.544  ; 7.544  ;
; binary_input[2] ; seg_tens[2]     ; 7.365  ; 7.365  ; 7.365  ; 7.365  ;
; binary_input[2] ; seg_tens[3]     ; 7.369  ; 7.369  ; 7.369  ; 7.369  ;
; binary_input[2] ; seg_tens[4]     ; 7.361  ; 7.361  ; 7.361  ; 7.361  ;
; binary_input[2] ; seg_tens[5]     ; 7.453  ; 7.453  ; 7.453  ; 7.453  ;
; binary_input[2] ; seg_tens[6]     ; 7.524  ; 7.524  ; 7.524  ; 7.524  ;
; binary_input[2] ; seg_units[0]    ; 4.315  ; 4.315  ; 4.315  ; 4.315  ;
; binary_input[2] ; seg_units[1]    ; 4.296  ; 4.296  ; 4.296  ; 4.296  ;
; binary_input[2] ; seg_units[2]    ; 4.297  ; 4.297  ; 4.297  ; 4.297  ;
; binary_input[2] ; seg_units[3]    ; 4.197  ; 4.197  ; 4.197  ; 4.197  ;
; binary_input[2] ; seg_units[4]    ; 4.196  ; 4.196  ; 4.196  ; 4.196  ;
; binary_input[2] ; seg_units[5]    ; 4.184  ; 4.184  ; 4.184  ; 4.184  ;
; binary_input[2] ; seg_units[6]    ; 4.186  ; 4.186  ; 4.186  ; 4.186  ;
; binary_input[3] ; seg_hundreds[0] ; 10.382 ; 10.382 ; 10.382 ; 10.382 ;
; binary_input[3] ; seg_hundreds[2] ; 10.400 ; 10.400 ; 10.400 ; 10.400 ;
; binary_input[3] ; seg_hundreds[3] ; 10.414 ; 10.414 ; 10.414 ; 10.414 ;
; binary_input[3] ; seg_hundreds[4] ; 9.851  ; 9.851  ; 9.851  ; 9.851  ;
; binary_input[3] ; seg_hundreds[5] ; 10.420 ; 10.420 ; 10.420 ; 10.420 ;
; binary_input[3] ; seg_hundreds[6] ;        ; 6.927  ; 6.927  ;        ;
; binary_input[3] ; seg_tens[0]     ; 10.793 ; 10.793 ; 10.793 ; 10.793 ;
; binary_input[3] ; seg_tens[1]     ; 10.740 ; 10.740 ; 10.740 ; 10.740 ;
; binary_input[3] ; seg_tens[2]     ; 10.561 ; 10.561 ; 10.561 ; 10.561 ;
; binary_input[3] ; seg_tens[3]     ; 10.565 ; 10.565 ; 10.565 ; 10.565 ;
; binary_input[3] ; seg_tens[4]     ; 10.557 ; 10.557 ; 10.557 ; 10.557 ;
; binary_input[3] ; seg_tens[5]     ; 10.649 ; 10.649 ; 10.649 ; 10.649 ;
; binary_input[3] ; seg_tens[6]     ; 10.720 ; 10.720 ; 10.720 ; 10.720 ;
; binary_input[3] ; seg_units[0]    ; 7.005  ; 7.005  ; 7.005  ; 7.005  ;
; binary_input[3] ; seg_units[1]    ; 6.986  ; 6.986  ; 6.986  ; 6.986  ;
; binary_input[3] ; seg_units[2]    ; 6.987  ; 6.987  ; 6.987  ; 6.987  ;
; binary_input[3] ; seg_units[3]    ; 6.887  ; 6.887  ; 6.887  ; 6.887  ;
; binary_input[3] ; seg_units[4]    ; 6.886  ; 6.886  ; 6.886  ; 6.886  ;
; binary_input[3] ; seg_units[5]    ; 6.874  ; 6.874  ; 6.874  ; 6.874  ;
; binary_input[3] ; seg_units[6]    ; 6.876  ; 6.876  ; 6.876  ; 6.876  ;
; binary_input[4] ; seg_hundreds[0] ; 10.329 ; 10.329 ; 10.329 ; 10.329 ;
; binary_input[4] ; seg_hundreds[2] ; 10.347 ; 10.347 ; 10.347 ; 10.347 ;
; binary_input[4] ; seg_hundreds[3] ; 10.361 ; 10.361 ; 10.361 ; 10.361 ;
; binary_input[4] ; seg_hundreds[4] ; 9.798  ; 9.798  ; 9.798  ; 9.798  ;
; binary_input[4] ; seg_hundreds[5] ; 10.367 ; 10.367 ; 10.367 ; 10.367 ;
; binary_input[4] ; seg_hundreds[6] ;        ; 6.874  ; 6.874  ;        ;
; binary_input[4] ; seg_tens[0]     ; 10.740 ; 10.740 ; 10.740 ; 10.740 ;
; binary_input[4] ; seg_tens[1]     ; 10.687 ; 10.687 ; 10.687 ; 10.687 ;
; binary_input[4] ; seg_tens[2]     ; 10.508 ; 10.508 ; 10.508 ; 10.508 ;
; binary_input[4] ; seg_tens[3]     ; 10.512 ; 10.512 ; 10.512 ; 10.512 ;
; binary_input[4] ; seg_tens[4]     ; 10.504 ; 10.504 ; 10.504 ; 10.504 ;
; binary_input[4] ; seg_tens[5]     ; 10.596 ; 10.596 ; 10.596 ; 10.596 ;
; binary_input[4] ; seg_tens[6]     ; 10.667 ; 10.667 ; 10.667 ; 10.667 ;
; binary_input[4] ; seg_units[0]    ; 7.387  ; 7.387  ; 7.387  ; 7.387  ;
; binary_input[4] ; seg_units[1]    ; 7.368  ; 7.368  ; 7.368  ; 7.368  ;
; binary_input[4] ; seg_units[2]    ; 7.369  ; 7.369  ; 7.369  ; 7.369  ;
; binary_input[4] ; seg_units[3]    ; 7.269  ; 7.269  ; 7.269  ; 7.269  ;
; binary_input[4] ; seg_units[4]    ; 7.268  ; 7.268  ; 7.268  ; 7.268  ;
; binary_input[4] ; seg_units[5]    ; 7.256  ; 7.256  ; 7.256  ; 7.256  ;
; binary_input[4] ; seg_units[6]    ; 7.258  ; 7.258  ; 7.258  ; 7.258  ;
; binary_input[5] ; seg_hundreds[0] ; 10.319 ; 10.319 ; 10.319 ; 10.319 ;
; binary_input[5] ; seg_hundreds[2] ; 10.337 ; 10.337 ; 10.337 ; 10.337 ;
; binary_input[5] ; seg_hundreds[3] ; 10.351 ; 10.351 ; 10.351 ; 10.351 ;
; binary_input[5] ; seg_hundreds[4] ; 9.788  ; 9.788  ; 9.788  ; 9.788  ;
; binary_input[5] ; seg_hundreds[5] ; 10.357 ; 10.357 ; 10.357 ; 10.357 ;
; binary_input[5] ; seg_hundreds[6] ;        ; 6.807  ; 6.807  ;        ;
; binary_input[5] ; seg_tens[0]     ; 10.730 ; 10.730 ; 10.730 ; 10.730 ;
; binary_input[5] ; seg_tens[1]     ; 10.677 ; 10.677 ; 10.677 ; 10.677 ;
; binary_input[5] ; seg_tens[2]     ; 10.498 ; 10.498 ; 10.498 ; 10.498 ;
; binary_input[5] ; seg_tens[3]     ; 10.502 ; 10.502 ; 10.502 ; 10.502 ;
; binary_input[5] ; seg_tens[4]     ; 10.494 ; 10.494 ; 10.494 ; 10.494 ;
; binary_input[5] ; seg_tens[5]     ; 10.586 ; 10.586 ; 10.586 ; 10.586 ;
; binary_input[5] ; seg_tens[6]     ; 10.657 ; 10.657 ; 10.657 ; 10.657 ;
; binary_input[5] ; seg_units[0]    ; 7.448  ; 7.448  ; 7.448  ; 7.448  ;
; binary_input[5] ; seg_units[1]    ; 7.429  ; 7.429  ; 7.429  ; 7.429  ;
; binary_input[5] ; seg_units[2]    ; 7.430  ; 7.430  ; 7.430  ; 7.430  ;
; binary_input[5] ; seg_units[3]    ; 7.330  ; 7.330  ; 7.330  ; 7.330  ;
; binary_input[5] ; seg_units[4]    ; 7.329  ; 7.329  ; 7.329  ; 7.329  ;
; binary_input[5] ; seg_units[5]    ; 7.317  ; 7.317  ; 7.317  ; 7.317  ;
; binary_input[5] ; seg_units[6]    ; 7.319  ; 7.319  ; 7.319  ; 7.319  ;
; binary_input[6] ; seg_hundreds[0] ; 10.720 ; 10.720 ; 10.720 ; 10.720 ;
; binary_input[6] ; seg_hundreds[2] ; 10.738 ; 10.738 ; 10.738 ; 10.738 ;
; binary_input[6] ; seg_hundreds[3] ; 10.752 ; 10.752 ; 10.752 ; 10.752 ;
; binary_input[6] ; seg_hundreds[4] ; 10.189 ; 10.189 ; 10.189 ; 10.189 ;
; binary_input[6] ; seg_hundreds[5] ; 10.758 ; 10.758 ; 10.758 ; 10.758 ;
; binary_input[6] ; seg_hundreds[6] ;        ; 7.265  ; 7.265  ;        ;
; binary_input[6] ; seg_tens[0]     ; 11.131 ; 11.131 ; 11.131 ; 11.131 ;
; binary_input[6] ; seg_tens[1]     ; 11.078 ; 11.078 ; 11.078 ; 11.078 ;
; binary_input[6] ; seg_tens[2]     ; 10.899 ; 10.899 ; 10.899 ; 10.899 ;
; binary_input[6] ; seg_tens[3]     ; 10.903 ; 10.903 ; 10.903 ; 10.903 ;
; binary_input[6] ; seg_tens[4]     ; 10.895 ; 10.895 ; 10.895 ; 10.895 ;
; binary_input[6] ; seg_tens[5]     ; 10.987 ; 10.987 ; 10.987 ; 10.987 ;
; binary_input[6] ; seg_tens[6]     ; 11.058 ; 11.058 ; 11.058 ; 11.058 ;
; binary_input[6] ; seg_units[0]    ; 7.357  ; 7.357  ; 7.357  ; 7.357  ;
; binary_input[6] ; seg_units[1]    ; 7.338  ; 7.338  ; 7.338  ; 7.338  ;
; binary_input[6] ; seg_units[2]    ; 7.339  ; 7.339  ; 7.339  ; 7.339  ;
; binary_input[6] ; seg_units[3]    ; 7.239  ; 7.239  ; 7.239  ; 7.239  ;
; binary_input[6] ; seg_units[4]    ; 7.238  ; 7.238  ; 7.238  ; 7.238  ;
; binary_input[6] ; seg_units[5]    ; 7.226  ; 7.226  ; 7.226  ; 7.226  ;
; binary_input[6] ; seg_units[6]    ; 7.228  ; 7.228  ; 7.228  ; 7.228  ;
; binary_input[7] ; seg_hundreds[0] ; 10.545 ; 10.545 ; 10.545 ; 10.545 ;
; binary_input[7] ; seg_hundreds[2] ; 10.563 ; 10.563 ; 10.563 ; 10.563 ;
; binary_input[7] ; seg_hundreds[3] ; 10.577 ; 10.577 ; 10.577 ; 10.577 ;
; binary_input[7] ; seg_hundreds[4] ; 10.014 ; 10.014 ; 10.014 ; 10.014 ;
; binary_input[7] ; seg_hundreds[5] ; 10.583 ; 10.583 ; 10.583 ; 10.583 ;
; binary_input[7] ; seg_hundreds[6] ;        ; 7.090  ; 7.090  ;        ;
; binary_input[7] ; seg_tens[0]     ; 10.956 ; 10.956 ; 10.956 ; 10.956 ;
; binary_input[7] ; seg_tens[1]     ; 10.903 ; 10.903 ; 10.903 ; 10.903 ;
; binary_input[7] ; seg_tens[2]     ; 10.724 ; 10.724 ; 10.724 ; 10.724 ;
; binary_input[7] ; seg_tens[3]     ; 10.728 ; 10.728 ; 10.728 ; 10.728 ;
; binary_input[7] ; seg_tens[4]     ; 10.720 ; 10.720 ; 10.720 ; 10.720 ;
; binary_input[7] ; seg_tens[5]     ; 10.812 ; 10.812 ; 10.812 ; 10.812 ;
; binary_input[7] ; seg_tens[6]     ; 10.883 ; 10.883 ; 10.883 ; 10.883 ;
; binary_input[7] ; seg_units[0]    ; 7.434  ; 7.434  ; 7.434  ; 7.434  ;
; binary_input[7] ; seg_units[1]    ; 7.415  ; 7.415  ; 7.415  ; 7.415  ;
; binary_input[7] ; seg_units[2]    ; 7.416  ; 7.416  ; 7.416  ; 7.416  ;
; binary_input[7] ; seg_units[3]    ; 7.316  ; 7.316  ; 7.316  ; 7.316  ;
; binary_input[7] ; seg_units[4]    ; 7.315  ; 7.315  ; 7.315  ; 7.315  ;
; binary_input[7] ; seg_units[5]    ; 7.303  ; 7.303  ; 7.303  ; 7.303  ;
; binary_input[7] ; seg_units[6]    ; 7.305  ; 7.305  ; 7.305  ; 7.305  ;
+-----------------+-----------------+--------+--------+--------+--------+


+-------------------------------------------------------------------+
; Minimum Propagation Delay                                         ;
+-----------------+-----------------+-------+-------+-------+-------+
; Input Port      ; Output Port     ; RR    ; RF    ; FR    ; FF    ;
+-----------------+-----------------+-------+-------+-------+-------+
; binary_input[0] ; seg_units[0]    ; 3.706 ; 3.706 ; 3.706 ; 3.706 ;
; binary_input[0] ; seg_units[1]    ; 3.680 ; 3.680 ; 3.680 ; 3.680 ;
; binary_input[0] ; seg_units[2]    ;       ; 3.680 ; 3.680 ;       ;
; binary_input[0] ; seg_units[3]    ; 3.580 ; 3.580 ; 3.580 ; 3.580 ;
; binary_input[0] ; seg_units[4]    ; 3.588 ;       ;       ; 3.588 ;
; binary_input[0] ; seg_units[5]    ; 3.573 ;       ;       ; 3.573 ;
; binary_input[0] ; seg_units[6]    ; 3.575 ;       ;       ; 3.575 ;
; binary_input[1] ; seg_tens[0]     ; 4.569 ; 4.569 ; 4.569 ; 4.569 ;
; binary_input[1] ; seg_tens[1]     ; 4.523 ; 4.523 ; 4.523 ; 4.523 ;
; binary_input[1] ; seg_tens[2]     ; 4.344 ; 4.344 ; 4.344 ; 4.344 ;
; binary_input[1] ; seg_tens[3]     ; 4.342 ; 4.342 ; 4.342 ; 4.342 ;
; binary_input[1] ; seg_tens[4]     ; 4.337 ; 4.337 ; 4.337 ; 4.337 ;
; binary_input[1] ; seg_tens[5]     ; 4.417 ; 4.417 ; 4.417 ; 4.417 ;
; binary_input[1] ; seg_tens[6]     ; 4.495 ; 4.495 ; 4.495 ; 4.495 ;
; binary_input[1] ; seg_units[0]    ; 3.817 ; 3.817 ; 3.817 ; 3.817 ;
; binary_input[1] ; seg_units[1]    ; 3.791 ; 3.791 ; 3.791 ; 3.791 ;
; binary_input[1] ; seg_units[2]    ; 3.792 ; 3.792 ; 3.792 ; 3.792 ;
; binary_input[1] ; seg_units[3]    ; 3.693 ; 3.693 ; 3.693 ; 3.693 ;
; binary_input[1] ; seg_units[4]    ; 3.699 ; 3.699 ; 3.699 ; 3.699 ;
; binary_input[1] ; seg_units[5]    ; 3.687 ; 3.687 ; 3.687 ; 3.687 ;
; binary_input[1] ; seg_units[6]    ; 3.689 ; 3.689 ; 3.689 ; 3.689 ;
; binary_input[2] ; seg_hundreds[0] ; 7.186 ; 7.186 ; 7.186 ; 7.186 ;
; binary_input[2] ; seg_hundreds[2] ; 7.204 ; 7.204 ; 7.204 ; 7.204 ;
; binary_input[2] ; seg_hundreds[3] ; 7.218 ; 7.218 ; 7.218 ; 7.218 ;
; binary_input[2] ; seg_hundreds[4] ; 6.655 ; 6.655 ; 6.655 ; 6.655 ;
; binary_input[2] ; seg_hundreds[5] ; 7.224 ; 7.224 ; 7.224 ; 7.224 ;
; binary_input[2] ; seg_tens[0]     ; 4.836 ; 4.836 ; 4.836 ; 4.836 ;
; binary_input[2] ; seg_tens[1]     ; 4.790 ; 4.790 ; 4.790 ; 4.790 ;
; binary_input[2] ; seg_tens[2]     ; 4.611 ; 4.611 ; 4.611 ; 4.611 ;
; binary_input[2] ; seg_tens[3]     ; 4.609 ; 4.609 ; 4.609 ; 4.609 ;
; binary_input[2] ; seg_tens[4]     ; 4.604 ; 4.604 ; 4.604 ; 4.604 ;
; binary_input[2] ; seg_tens[5]     ; 4.684 ; 4.684 ; 4.684 ; 4.684 ;
; binary_input[2] ; seg_tens[6]     ; 4.762 ; 4.762 ; 4.762 ; 4.762 ;
; binary_input[2] ; seg_units[0]    ; 4.081 ; 4.081 ; 4.081 ; 4.081 ;
; binary_input[2] ; seg_units[1]    ; 4.055 ; 4.055 ; 4.055 ; 4.055 ;
; binary_input[2] ; seg_units[2]    ; 4.056 ; 4.056 ; 4.056 ; 4.056 ;
; binary_input[2] ; seg_units[3]    ; 3.957 ; 3.957 ; 3.957 ; 3.957 ;
; binary_input[2] ; seg_units[4]    ; 3.963 ; 3.963 ; 3.963 ; 3.963 ;
; binary_input[2] ; seg_units[5]    ; 3.951 ; 3.951 ; 3.951 ; 3.951 ;
; binary_input[2] ; seg_units[6]    ; 3.953 ; 3.953 ; 3.953 ; 3.953 ;
; binary_input[3] ; seg_hundreds[0] ; 7.781 ; 7.681 ; 7.681 ; 7.781 ;
; binary_input[3] ; seg_hundreds[2] ; 7.698 ; 7.799 ; 7.799 ; 7.698 ;
; binary_input[3] ; seg_hundreds[3] ; 7.813 ; 7.713 ; 7.713 ; 7.813 ;
; binary_input[3] ; seg_hundreds[4] ; 7.250 ; 7.250 ; 7.250 ; 7.250 ;
; binary_input[3] ; seg_hundreds[5] ; 7.700 ; 7.819 ; 7.819 ; 7.700 ;
; binary_input[3] ; seg_hundreds[6] ;       ; 6.927 ; 6.927 ;       ;
; binary_input[3] ; seg_tens[0]     ; 7.207 ; 7.207 ; 7.207 ; 7.207 ;
; binary_input[3] ; seg_tens[1]     ; 7.154 ; 7.154 ; 7.154 ; 7.154 ;
; binary_input[3] ; seg_tens[2]     ; 6.975 ; 6.975 ; 6.975 ; 6.975 ;
; binary_input[3] ; seg_tens[3]     ; 6.979 ; 6.979 ; 6.979 ; 6.979 ;
; binary_input[3] ; seg_tens[4]     ; 6.971 ; 6.971 ; 6.971 ; 6.971 ;
; binary_input[3] ; seg_tens[5]     ; 7.063 ; 7.063 ; 7.063 ; 7.063 ;
; binary_input[3] ; seg_tens[6]     ; 7.134 ; 7.134 ; 7.134 ; 7.134 ;
; binary_input[3] ; seg_units[0]    ; 6.636 ; 6.636 ; 6.636 ; 6.636 ;
; binary_input[3] ; seg_units[1]    ; 6.610 ; 6.610 ; 6.610 ; 6.610 ;
; binary_input[3] ; seg_units[2]    ; 6.611 ; 6.611 ; 6.611 ; 6.611 ;
; binary_input[3] ; seg_units[3]    ; 6.512 ; 6.512 ; 6.512 ; 6.512 ;
; binary_input[3] ; seg_units[4]    ; 6.518 ; 6.518 ; 6.518 ; 6.518 ;
; binary_input[3] ; seg_units[5]    ; 6.506 ; 6.506 ; 6.506 ; 6.506 ;
; binary_input[3] ; seg_units[6]    ; 6.508 ; 6.508 ; 6.508 ; 6.508 ;
; binary_input[4] ; seg_hundreds[0] ; 7.456 ; 7.456 ; 7.456 ; 7.456 ;
; binary_input[4] ; seg_hundreds[2] ; 7.474 ; 7.474 ; 7.474 ; 7.474 ;
; binary_input[4] ; seg_hundreds[3] ; 7.488 ; 7.488 ; 7.488 ; 7.488 ;
; binary_input[4] ; seg_hundreds[4] ; 6.925 ; 6.925 ; 6.925 ; 6.925 ;
; binary_input[4] ; seg_hundreds[5] ; 7.494 ; 7.494 ; 7.494 ; 7.494 ;
; binary_input[4] ; seg_hundreds[6] ;       ; 6.874 ; 6.874 ;       ;
; binary_input[4] ; seg_tens[0]     ; 7.192 ; 7.192 ; 7.192 ; 7.192 ;
; binary_input[4] ; seg_tens[1]     ; 7.139 ; 7.436 ; 7.436 ; 7.139 ;
; binary_input[4] ; seg_tens[2]     ; 6.960 ; 6.960 ; 6.960 ; 6.960 ;
; binary_input[4] ; seg_tens[3]     ; 6.964 ; 6.964 ; 6.964 ; 6.964 ;
; binary_input[4] ; seg_tens[4]     ; 6.956 ; 7.259 ; 7.259 ; 6.956 ;
; binary_input[4] ; seg_tens[5]     ; 7.048 ; 7.048 ; 7.048 ; 7.048 ;
; binary_input[4] ; seg_tens[6]     ; 7.119 ; 7.119 ; 7.119 ; 7.119 ;
; binary_input[4] ; seg_units[0]    ; 6.943 ; 6.943 ; 6.943 ; 6.943 ;
; binary_input[4] ; seg_units[1]    ; 6.917 ; 6.917 ; 6.917 ; 6.917 ;
; binary_input[4] ; seg_units[2]    ; 6.918 ; 6.918 ; 6.918 ; 6.918 ;
; binary_input[4] ; seg_units[3]    ; 6.819 ; 6.819 ; 6.819 ; 6.819 ;
; binary_input[4] ; seg_units[4]    ; 6.825 ; 6.825 ; 6.825 ; 6.825 ;
; binary_input[4] ; seg_units[5]    ; 6.813 ; 6.813 ; 6.813 ; 6.813 ;
; binary_input[4] ; seg_units[6]    ; 6.815 ; 6.815 ; 6.815 ; 6.815 ;
; binary_input[5] ; seg_hundreds[0] ; 7.453 ; 7.453 ; 7.453 ; 7.453 ;
; binary_input[5] ; seg_hundreds[2] ; 7.471 ; 7.471 ; 7.471 ; 7.471 ;
; binary_input[5] ; seg_hundreds[3] ; 7.485 ; 7.485 ; 7.485 ; 7.485 ;
; binary_input[5] ; seg_hundreds[4] ; 6.922 ; 6.922 ; 6.922 ; 6.922 ;
; binary_input[5] ; seg_hundreds[5] ; 7.491 ; 7.491 ; 7.491 ; 7.491 ;
; binary_input[5] ; seg_hundreds[6] ;       ; 6.807 ; 6.807 ;       ;
; binary_input[5] ; seg_tens[0]     ; 7.234 ; 7.234 ; 7.234 ; 7.234 ;
; binary_input[5] ; seg_tens[1]     ; 7.181 ; 7.311 ; 7.311 ; 7.181 ;
; binary_input[5] ; seg_tens[2]     ; 7.002 ; 7.002 ; 7.002 ; 7.002 ;
; binary_input[5] ; seg_tens[3]     ; 7.006 ; 7.006 ; 7.006 ; 7.006 ;
; binary_input[5] ; seg_tens[4]     ; 6.998 ; 7.128 ; 7.128 ; 6.998 ;
; binary_input[5] ; seg_tens[5]     ; 7.090 ; 7.090 ; 7.090 ; 7.090 ;
; binary_input[5] ; seg_tens[6]     ; 7.161 ; 7.161 ; 7.161 ; 7.161 ;
; binary_input[5] ; seg_units[0]    ; 7.003 ; 7.003 ; 7.003 ; 7.003 ;
; binary_input[5] ; seg_units[1]    ; 6.977 ; 6.977 ; 6.977 ; 6.977 ;
; binary_input[5] ; seg_units[2]    ; 6.978 ; 6.978 ; 6.978 ; 6.978 ;
; binary_input[5] ; seg_units[3]    ; 6.879 ; 6.879 ; 6.879 ; 6.879 ;
; binary_input[5] ; seg_units[4]    ; 6.885 ; 6.885 ; 6.885 ; 6.885 ;
; binary_input[5] ; seg_units[5]    ; 6.873 ; 6.873 ; 6.873 ; 6.873 ;
; binary_input[5] ; seg_units[6]    ; 6.875 ; 6.875 ; 6.875 ; 6.875 ;
; binary_input[6] ; seg_hundreds[0] ; 7.426 ; 7.426 ; 7.426 ; 7.426 ;
; binary_input[6] ; seg_hundreds[2] ; 7.444 ; 7.444 ; 7.444 ; 7.444 ;
; binary_input[6] ; seg_hundreds[3] ; 7.458 ; 7.458 ; 7.458 ; 7.458 ;
; binary_input[6] ; seg_hundreds[4] ; 6.895 ; 6.895 ; 6.895 ; 6.895 ;
; binary_input[6] ; seg_hundreds[5] ; 7.464 ; 7.464 ; 7.464 ; 7.464 ;
; binary_input[6] ; seg_hundreds[6] ;       ; 7.265 ; 7.265 ;       ;
; binary_input[6] ; seg_tens[0]     ; 7.134 ; 7.134 ; 7.134 ; 7.134 ;
; binary_input[6] ; seg_tens[1]     ; 7.081 ; 7.220 ; 7.220 ; 7.081 ;
; binary_input[6] ; seg_tens[2]     ; 6.902 ; 6.902 ; 6.902 ; 6.902 ;
; binary_input[6] ; seg_tens[3]     ; 6.906 ; 6.906 ; 6.906 ; 6.906 ;
; binary_input[6] ; seg_tens[4]     ; 6.898 ; 7.037 ; 7.037 ; 6.898 ;
; binary_input[6] ; seg_tens[5]     ; 6.990 ; 6.990 ; 6.990 ; 6.990 ;
; binary_input[6] ; seg_tens[6]     ; 7.061 ; 7.061 ; 7.061 ; 7.061 ;
; binary_input[6] ; seg_units[0]    ; 6.910 ; 6.910 ; 6.910 ; 6.910 ;
; binary_input[6] ; seg_units[1]    ; 6.884 ; 6.884 ; 6.884 ; 6.884 ;
; binary_input[6] ; seg_units[2]    ; 6.885 ; 6.885 ; 6.885 ; 6.885 ;
; binary_input[6] ; seg_units[3]    ; 6.786 ; 6.786 ; 6.786 ; 6.786 ;
; binary_input[6] ; seg_units[4]    ; 6.792 ; 6.792 ; 6.792 ; 6.792 ;
; binary_input[6] ; seg_units[5]    ; 6.780 ; 6.780 ; 6.780 ; 6.780 ;
; binary_input[6] ; seg_units[6]    ; 6.782 ; 6.782 ; 6.782 ; 6.782 ;
; binary_input[7] ; seg_hundreds[0] ; 7.503 ; 7.503 ; 7.503 ; 7.503 ;
; binary_input[7] ; seg_hundreds[2] ; 7.521 ; 7.521 ; 7.521 ; 7.521 ;
; binary_input[7] ; seg_hundreds[3] ; 7.535 ; 7.535 ; 7.535 ; 7.535 ;
; binary_input[7] ; seg_hundreds[4] ; 6.972 ; 6.972 ; 6.972 ; 6.972 ;
; binary_input[7] ; seg_hundreds[5] ; 7.541 ; 7.541 ; 7.541 ; 7.541 ;
; binary_input[7] ; seg_hundreds[6] ;       ; 7.090 ; 7.090 ;       ;
; binary_input[7] ; seg_tens[0]     ; 7.038 ; 7.038 ; 7.038 ; 7.038 ;
; binary_input[7] ; seg_tens[1]     ; 7.161 ; 6.985 ; 6.985 ; 7.161 ;
; binary_input[7] ; seg_tens[2]     ; 6.806 ; 6.806 ; 6.806 ; 6.806 ;
; binary_input[7] ; seg_tens[3]     ; 6.810 ; 6.810 ; 6.810 ; 6.810 ;
; binary_input[7] ; seg_tens[4]     ; 6.978 ; 6.802 ; 6.802 ; 6.978 ;
; binary_input[7] ; seg_tens[5]     ; 6.894 ; 6.894 ; 6.894 ; 6.894 ;
; binary_input[7] ; seg_tens[6]     ; 6.965 ; 6.965 ; 6.965 ; 6.965 ;
; binary_input[7] ; seg_units[0]    ; 6.987 ; 6.987 ; 6.987 ; 6.987 ;
; binary_input[7] ; seg_units[1]    ; 6.961 ; 6.961 ; 6.961 ; 6.961 ;
; binary_input[7] ; seg_units[2]    ; 6.962 ; 6.962 ; 6.962 ; 6.962 ;
; binary_input[7] ; seg_units[3]    ; 6.863 ; 6.863 ; 6.863 ; 6.863 ;
; binary_input[7] ; seg_units[4]    ; 6.869 ; 6.869 ; 6.869 ; 6.869 ;
; binary_input[7] ; seg_units[5]    ; 6.857 ; 6.857 ; 6.857 ; 6.857 ;
; binary_input[7] ; seg_units[6]    ; 6.859 ; 6.859 ; 6.859 ; 6.859 ;
+-----------------+-----------------+-------+-------+-------+-------+


+----------------------------------------------------------------------------+
; Multicorner Timing Analysis Summary                                        ;
+------------------+-------+------+----------+---------+---------------------+
; Clock            ; Setup ; Hold ; Recovery ; Removal ; Minimum Pulse Width ;
+------------------+-------+------+----------+---------+---------------------+
; Worst-case Slack ; N/A   ; N/A  ; N/A      ; N/A     ; N/A                 ;
; Design-wide TNS  ; 0.0   ; 0.0  ; 0.0      ; 0.0     ; 0.0                 ;
+------------------+-------+------+----------+---------+---------------------+


+-----------------------------------------------------------------------+
; Progagation Delay                                                     ;
+-----------------+-----------------+--------+--------+--------+--------+
; Input Port      ; Output Port     ; RR     ; RF     ; FR     ; FF     ;
+-----------------+-----------------+--------+--------+--------+--------+
; binary_input[0] ; seg_units[0]    ; 7.060  ; 7.060  ; 7.060  ; 7.060  ;
; binary_input[0] ; seg_units[1]    ; 7.035  ; 7.035  ; 7.035  ; 7.035  ;
; binary_input[0] ; seg_units[2]    ;        ; 7.036  ; 7.036  ;        ;
; binary_input[0] ; seg_units[3]    ; 6.804  ; 6.804  ; 6.804  ; 6.804  ;
; binary_input[0] ; seg_units[4]    ; 6.811  ;        ;        ; 6.811  ;
; binary_input[0] ; seg_units[5]    ; 6.762  ;        ;        ; 6.762  ;
; binary_input[0] ; seg_units[6]    ; 6.799  ;        ;        ; 6.799  ;
; binary_input[1] ; seg_tens[0]     ; 9.040  ; 9.040  ; 9.040  ; 9.040  ;
; binary_input[1] ; seg_tens[1]     ; 8.942  ; 8.942  ; 8.942  ; 8.942  ;
; binary_input[1] ; seg_tens[2]     ; 8.642  ; 8.642  ; 8.642  ; 8.642  ;
; binary_input[1] ; seg_tens[3]     ; 8.644  ; 8.644  ; 8.644  ; 8.644  ;
; binary_input[1] ; seg_tens[4]     ; 8.615  ; 8.615  ; 8.615  ; 8.615  ;
; binary_input[1] ; seg_tens[5]     ; 8.813  ; 8.813  ; 8.813  ; 8.813  ;
; binary_input[1] ; seg_tens[6]     ; 8.951  ; 8.951  ; 8.951  ; 8.951  ;
; binary_input[1] ; seg_units[0]    ; 7.690  ; 7.690  ; 7.690  ; 7.690  ;
; binary_input[1] ; seg_units[1]    ; 7.666  ; 7.666  ; 7.666  ; 7.666  ;
; binary_input[1] ; seg_units[2]    ; 7.673  ; 7.673  ; 7.673  ; 7.673  ;
; binary_input[1] ; seg_units[3]    ; 7.444  ; 7.444  ; 7.444  ; 7.444  ;
; binary_input[1] ; seg_units[4]    ; 7.442  ; 7.442  ; 7.442  ; 7.442  ;
; binary_input[1] ; seg_units[5]    ; 7.424  ; 7.424  ; 7.424  ; 7.424  ;
; binary_input[1] ; seg_units[6]    ; 7.429  ; 7.429  ; 7.429  ; 7.429  ;
; binary_input[2] ; seg_hundreds[0] ; 14.742 ; 14.742 ; 14.742 ; 14.742 ;
; binary_input[2] ; seg_hundreds[2] ; 14.761 ; 14.761 ; 14.761 ; 14.761 ;
; binary_input[2] ; seg_hundreds[3] ; 14.776 ; 14.776 ; 14.776 ; 14.776 ;
; binary_input[2] ; seg_hundreds[4] ; 13.545 ; 13.545 ; 13.545 ; 13.545 ;
; binary_input[2] ; seg_hundreds[5] ; 14.763 ; 14.763 ; 14.763 ; 14.763 ;
; binary_input[2] ; seg_tens[0]     ; 15.579 ; 15.579 ; 15.579 ; 15.579 ;
; binary_input[2] ; seg_tens[1]     ; 15.475 ; 15.475 ; 15.475 ; 15.475 ;
; binary_input[2] ; seg_tens[2]     ; 15.173 ; 15.173 ; 15.173 ; 15.173 ;
; binary_input[2] ; seg_tens[3]     ; 15.184 ; 15.184 ; 15.184 ; 15.184 ;
; binary_input[2] ; seg_tens[4]     ; 15.152 ; 15.152 ; 15.152 ; 15.152 ;
; binary_input[2] ; seg_tens[5]     ; 15.358 ; 15.358 ; 15.358 ; 15.358 ;
; binary_input[2] ; seg_tens[6]     ; 15.491 ; 15.491 ; 15.491 ; 15.491 ;
; binary_input[2] ; seg_units[0]    ; 8.457  ; 8.457  ; 8.457  ; 8.457  ;
; binary_input[2] ; seg_units[1]    ; 8.433  ; 8.433  ; 8.433  ; 8.433  ;
; binary_input[2] ; seg_units[2]    ; 8.440  ; 8.440  ; 8.440  ; 8.440  ;
; binary_input[2] ; seg_units[3]    ; 8.211  ; 8.211  ; 8.211  ; 8.211  ;
; binary_input[2] ; seg_units[4]    ; 8.209  ; 8.209  ; 8.209  ; 8.209  ;
; binary_input[2] ; seg_units[5]    ; 8.191  ; 8.191  ; 8.191  ; 8.191  ;
; binary_input[2] ; seg_units[6]    ; 8.196  ; 8.196  ; 8.196  ; 8.196  ;
; binary_input[3] ; seg_hundreds[0] ; 20.505 ; 20.505 ; 20.505 ; 20.505 ;
; binary_input[3] ; seg_hundreds[2] ; 20.524 ; 20.524 ; 20.524 ; 20.524 ;
; binary_input[3] ; seg_hundreds[3] ; 20.539 ; 20.539 ; 20.539 ; 20.539 ;
; binary_input[3] ; seg_hundreds[4] ; 19.308 ; 19.308 ; 19.308 ; 19.308 ;
; binary_input[3] ; seg_hundreds[5] ; 20.526 ; 20.526 ; 20.526 ; 20.526 ;
; binary_input[3] ; seg_hundreds[6] ;        ; 12.916 ; 12.916 ;        ;
; binary_input[3] ; seg_tens[0]     ; 21.342 ; 21.342 ; 21.342 ; 21.342 ;
; binary_input[3] ; seg_tens[1]     ; 21.238 ; 21.238 ; 21.238 ; 21.238 ;
; binary_input[3] ; seg_tens[2]     ; 20.936 ; 20.936 ; 20.936 ; 20.936 ;
; binary_input[3] ; seg_tens[3]     ; 20.947 ; 20.947 ; 20.947 ; 20.947 ;
; binary_input[3] ; seg_tens[4]     ; 20.915 ; 20.915 ; 20.915 ; 20.915 ;
; binary_input[3] ; seg_tens[5]     ; 21.121 ; 21.121 ; 21.121 ; 21.121 ;
; binary_input[3] ; seg_tens[6]     ; 21.254 ; 21.254 ; 21.254 ; 21.254 ;
; binary_input[3] ; seg_units[0]    ; 13.050 ; 13.050 ; 13.050 ; 13.050 ;
; binary_input[3] ; seg_units[1]    ; 13.026 ; 13.026 ; 13.026 ; 13.026 ;
; binary_input[3] ; seg_units[2]    ; 13.033 ; 13.033 ; 13.033 ; 13.033 ;
; binary_input[3] ; seg_units[3]    ; 12.804 ; 12.804 ; 12.804 ; 12.804 ;
; binary_input[3] ; seg_units[4]    ; 12.802 ; 12.802 ; 12.802 ; 12.802 ;
; binary_input[3] ; seg_units[5]    ; 12.784 ; 12.784 ; 12.784 ; 12.784 ;
; binary_input[3] ; seg_units[6]    ; 12.789 ; 12.789 ; 12.789 ; 12.789 ;
; binary_input[4] ; seg_hundreds[0] ; 20.357 ; 20.357 ; 20.357 ; 20.357 ;
; binary_input[4] ; seg_hundreds[2] ; 20.376 ; 20.376 ; 20.376 ; 20.376 ;
; binary_input[4] ; seg_hundreds[3] ; 20.391 ; 20.391 ; 20.391 ; 20.391 ;
; binary_input[4] ; seg_hundreds[4] ; 19.160 ; 19.160 ; 19.160 ; 19.160 ;
; binary_input[4] ; seg_hundreds[5] ; 20.378 ; 20.378 ; 20.378 ; 20.378 ;
; binary_input[4] ; seg_hundreds[6] ;        ; 12.768 ; 12.768 ;        ;
; binary_input[4] ; seg_tens[0]     ; 21.194 ; 21.194 ; 21.194 ; 21.194 ;
; binary_input[4] ; seg_tens[1]     ; 21.090 ; 21.090 ; 21.090 ; 21.090 ;
; binary_input[4] ; seg_tens[2]     ; 20.788 ; 20.788 ; 20.788 ; 20.788 ;
; binary_input[4] ; seg_tens[3]     ; 20.799 ; 20.799 ; 20.799 ; 20.799 ;
; binary_input[4] ; seg_tens[4]     ; 20.767 ; 20.767 ; 20.767 ; 20.767 ;
; binary_input[4] ; seg_tens[5]     ; 20.973 ; 20.973 ; 20.973 ; 20.973 ;
; binary_input[4] ; seg_tens[6]     ; 21.106 ; 21.106 ; 21.106 ; 21.106 ;
; binary_input[4] ; seg_units[0]    ; 13.911 ; 13.911 ; 13.911 ; 13.911 ;
; binary_input[4] ; seg_units[1]    ; 13.887 ; 13.887 ; 13.887 ; 13.887 ;
; binary_input[4] ; seg_units[2]    ; 13.894 ; 13.894 ; 13.894 ; 13.894 ;
; binary_input[4] ; seg_units[3]    ; 13.665 ; 13.665 ; 13.665 ; 13.665 ;
; binary_input[4] ; seg_units[4]    ; 13.663 ; 13.663 ; 13.663 ; 13.663 ;
; binary_input[4] ; seg_units[5]    ; 13.645 ; 13.645 ; 13.645 ; 13.645 ;
; binary_input[4] ; seg_units[6]    ; 13.650 ; 13.650 ; 13.650 ; 13.650 ;
; binary_input[5] ; seg_hundreds[0] ; 20.362 ; 20.362 ; 20.362 ; 20.362 ;
; binary_input[5] ; seg_hundreds[2] ; 20.381 ; 20.381 ; 20.381 ; 20.381 ;
; binary_input[5] ; seg_hundreds[3] ; 20.396 ; 20.396 ; 20.396 ; 20.396 ;
; binary_input[5] ; seg_hundreds[4] ; 19.165 ; 19.165 ; 19.165 ; 19.165 ;
; binary_input[5] ; seg_hundreds[5] ; 20.383 ; 20.383 ; 20.383 ; 20.383 ;
; binary_input[5] ; seg_hundreds[6] ;        ; 12.662 ; 12.662 ;        ;
; binary_input[5] ; seg_tens[0]     ; 21.199 ; 21.199 ; 21.199 ; 21.199 ;
; binary_input[5] ; seg_tens[1]     ; 21.095 ; 21.095 ; 21.095 ; 21.095 ;
; binary_input[5] ; seg_tens[2]     ; 20.793 ; 20.793 ; 20.793 ; 20.793 ;
; binary_input[5] ; seg_tens[3]     ; 20.804 ; 20.804 ; 20.804 ; 20.804 ;
; binary_input[5] ; seg_tens[4]     ; 20.772 ; 20.772 ; 20.772 ; 20.772 ;
; binary_input[5] ; seg_tens[5]     ; 20.978 ; 20.978 ; 20.978 ; 20.978 ;
; binary_input[5] ; seg_tens[6]     ; 21.111 ; 21.111 ; 21.111 ; 21.111 ;
; binary_input[5] ; seg_units[0]    ; 14.096 ; 14.096 ; 14.096 ; 14.096 ;
; binary_input[5] ; seg_units[1]    ; 14.072 ; 14.072 ; 14.072 ; 14.072 ;
; binary_input[5] ; seg_units[2]    ; 14.079 ; 14.079 ; 14.079 ; 14.079 ;
; binary_input[5] ; seg_units[3]    ; 13.850 ; 13.850 ; 13.850 ; 13.850 ;
; binary_input[5] ; seg_units[4]    ; 13.848 ; 13.848 ; 13.848 ; 13.848 ;
; binary_input[5] ; seg_units[5]    ; 13.830 ; 13.830 ; 13.830 ; 13.830 ;
; binary_input[5] ; seg_units[6]    ; 13.835 ; 13.835 ; 13.835 ; 13.835 ;
; binary_input[6] ; seg_hundreds[0] ; 21.242 ; 21.242 ; 21.242 ; 21.242 ;
; binary_input[6] ; seg_hundreds[2] ; 21.261 ; 21.261 ; 21.261 ; 21.261 ;
; binary_input[6] ; seg_hundreds[3] ; 21.276 ; 21.276 ; 21.276 ; 21.276 ;
; binary_input[6] ; seg_hundreds[4] ; 20.045 ; 20.045 ; 20.045 ; 20.045 ;
; binary_input[6] ; seg_hundreds[5] ; 21.263 ; 21.263 ; 21.263 ; 21.263 ;
; binary_input[6] ; seg_hundreds[6] ;        ; 13.653 ; 13.653 ;        ;
; binary_input[6] ; seg_tens[0]     ; 22.079 ; 22.079 ; 22.079 ; 22.079 ;
; binary_input[6] ; seg_tens[1]     ; 21.975 ; 21.975 ; 21.975 ; 21.975 ;
; binary_input[6] ; seg_tens[2]     ; 21.673 ; 21.673 ; 21.673 ; 21.673 ;
; binary_input[6] ; seg_tens[3]     ; 21.684 ; 21.684 ; 21.684 ; 21.684 ;
; binary_input[6] ; seg_tens[4]     ; 21.652 ; 21.652 ; 21.652 ; 21.652 ;
; binary_input[6] ; seg_tens[5]     ; 21.858 ; 21.858 ; 21.858 ; 21.858 ;
; binary_input[6] ; seg_tens[6]     ; 21.991 ; 21.991 ; 21.991 ; 21.991 ;
; binary_input[6] ; seg_units[0]    ; 13.843 ; 13.843 ; 13.843 ; 13.843 ;
; binary_input[6] ; seg_units[1]    ; 13.819 ; 13.819 ; 13.819 ; 13.819 ;
; binary_input[6] ; seg_units[2]    ; 13.826 ; 13.826 ; 13.826 ; 13.826 ;
; binary_input[6] ; seg_units[3]    ; 13.597 ; 13.597 ; 13.597 ; 13.597 ;
; binary_input[6] ; seg_units[4]    ; 13.595 ; 13.595 ; 13.595 ; 13.595 ;
; binary_input[6] ; seg_units[5]    ; 13.577 ; 13.577 ; 13.577 ; 13.577 ;
; binary_input[6] ; seg_units[6]    ; 13.582 ; 13.582 ; 13.582 ; 13.582 ;
; binary_input[7] ; seg_hundreds[0] ; 20.893 ; 20.893 ; 20.893 ; 20.893 ;
; binary_input[7] ; seg_hundreds[2] ; 20.912 ; 20.912 ; 20.912 ; 20.912 ;
; binary_input[7] ; seg_hundreds[3] ; 20.927 ; 20.927 ; 20.927 ; 20.927 ;
; binary_input[7] ; seg_hundreds[4] ; 19.696 ; 19.696 ; 19.696 ; 19.696 ;
; binary_input[7] ; seg_hundreds[5] ; 20.914 ; 20.914 ; 20.914 ; 20.914 ;
; binary_input[7] ; seg_hundreds[6] ;        ; 13.304 ; 13.304 ;        ;
; binary_input[7] ; seg_tens[0]     ; 21.730 ; 21.730 ; 21.730 ; 21.730 ;
; binary_input[7] ; seg_tens[1]     ; 21.626 ; 21.626 ; 21.626 ; 21.626 ;
; binary_input[7] ; seg_tens[2]     ; 21.324 ; 21.324 ; 21.324 ; 21.324 ;
; binary_input[7] ; seg_tens[3]     ; 21.335 ; 21.335 ; 21.335 ; 21.335 ;
; binary_input[7] ; seg_tens[4]     ; 21.303 ; 21.303 ; 21.303 ; 21.303 ;
; binary_input[7] ; seg_tens[5]     ; 21.509 ; 21.509 ; 21.509 ; 21.509 ;
; binary_input[7] ; seg_tens[6]     ; 21.642 ; 21.642 ; 21.642 ; 21.642 ;
; binary_input[7] ; seg_units[0]    ; 14.044 ; 14.044 ; 14.044 ; 14.044 ;
; binary_input[7] ; seg_units[1]    ; 14.020 ; 14.020 ; 14.020 ; 14.020 ;
; binary_input[7] ; seg_units[2]    ; 14.027 ; 14.027 ; 14.027 ; 14.027 ;
; binary_input[7] ; seg_units[3]    ; 13.798 ; 13.798 ; 13.798 ; 13.798 ;
; binary_input[7] ; seg_units[4]    ; 13.796 ; 13.796 ; 13.796 ; 13.796 ;
; binary_input[7] ; seg_units[5]    ; 13.778 ; 13.778 ; 13.778 ; 13.778 ;
; binary_input[7] ; seg_units[6]    ; 13.783 ; 13.783 ; 13.783 ; 13.783 ;
+-----------------+-----------------+--------+--------+--------+--------+


+-------------------------------------------------------------------+
; Minimum Progagation Delay                                         ;
+-----------------+-----------------+-------+-------+-------+-------+
; Input Port      ; Output Port     ; RR    ; RF    ; FR    ; FF    ;
+-----------------+-----------------+-------+-------+-------+-------+
; binary_input[0] ; seg_units[0]    ; 3.706 ; 3.706 ; 3.706 ; 3.706 ;
; binary_input[0] ; seg_units[1]    ; 3.680 ; 3.680 ; 3.680 ; 3.680 ;
; binary_input[0] ; seg_units[2]    ;       ; 3.680 ; 3.680 ;       ;
; binary_input[0] ; seg_units[3]    ; 3.580 ; 3.580 ; 3.580 ; 3.580 ;
; binary_input[0] ; seg_units[4]    ; 3.588 ;       ;       ; 3.588 ;
; binary_input[0] ; seg_units[5]    ; 3.573 ;       ;       ; 3.573 ;
; binary_input[0] ; seg_units[6]    ; 3.575 ;       ;       ; 3.575 ;
; binary_input[1] ; seg_tens[0]     ; 4.569 ; 4.569 ; 4.569 ; 4.569 ;
; binary_input[1] ; seg_tens[1]     ; 4.523 ; 4.523 ; 4.523 ; 4.523 ;
; binary_input[1] ; seg_tens[2]     ; 4.344 ; 4.344 ; 4.344 ; 4.344 ;
; binary_input[1] ; seg_tens[3]     ; 4.342 ; 4.342 ; 4.342 ; 4.342 ;
; binary_input[1] ; seg_tens[4]     ; 4.337 ; 4.337 ; 4.337 ; 4.337 ;
; binary_input[1] ; seg_tens[5]     ; 4.417 ; 4.417 ; 4.417 ; 4.417 ;
; binary_input[1] ; seg_tens[6]     ; 4.495 ; 4.495 ; 4.495 ; 4.495 ;
; binary_input[1] ; seg_units[0]    ; 3.817 ; 3.817 ; 3.817 ; 3.817 ;
; binary_input[1] ; seg_units[1]    ; 3.791 ; 3.791 ; 3.791 ; 3.791 ;
; binary_input[1] ; seg_units[2]    ; 3.792 ; 3.792 ; 3.792 ; 3.792 ;
; binary_input[1] ; seg_units[3]    ; 3.693 ; 3.693 ; 3.693 ; 3.693 ;
; binary_input[1] ; seg_units[4]    ; 3.699 ; 3.699 ; 3.699 ; 3.699 ;
; binary_input[1] ; seg_units[5]    ; 3.687 ; 3.687 ; 3.687 ; 3.687 ;
; binary_input[1] ; seg_units[6]    ; 3.689 ; 3.689 ; 3.689 ; 3.689 ;
; binary_input[2] ; seg_hundreds[0] ; 7.186 ; 7.186 ; 7.186 ; 7.186 ;
; binary_input[2] ; seg_hundreds[2] ; 7.204 ; 7.204 ; 7.204 ; 7.204 ;
; binary_input[2] ; seg_hundreds[3] ; 7.218 ; 7.218 ; 7.218 ; 7.218 ;
; binary_input[2] ; seg_hundreds[4] ; 6.655 ; 6.655 ; 6.655 ; 6.655 ;
; binary_input[2] ; seg_hundreds[5] ; 7.224 ; 7.224 ; 7.224 ; 7.224 ;
; binary_input[2] ; seg_tens[0]     ; 4.836 ; 4.836 ; 4.836 ; 4.836 ;
; binary_input[2] ; seg_tens[1]     ; 4.790 ; 4.790 ; 4.790 ; 4.790 ;
; binary_input[2] ; seg_tens[2]     ; 4.611 ; 4.611 ; 4.611 ; 4.611 ;
; binary_input[2] ; seg_tens[3]     ; 4.609 ; 4.609 ; 4.609 ; 4.609 ;
; binary_input[2] ; seg_tens[4]     ; 4.604 ; 4.604 ; 4.604 ; 4.604 ;
; binary_input[2] ; seg_tens[5]     ; 4.684 ; 4.684 ; 4.684 ; 4.684 ;
; binary_input[2] ; seg_tens[6]     ; 4.762 ; 4.762 ; 4.762 ; 4.762 ;
; binary_input[2] ; seg_units[0]    ; 4.081 ; 4.081 ; 4.081 ; 4.081 ;
; binary_input[2] ; seg_units[1]    ; 4.055 ; 4.055 ; 4.055 ; 4.055 ;
; binary_input[2] ; seg_units[2]    ; 4.056 ; 4.056 ; 4.056 ; 4.056 ;
; binary_input[2] ; seg_units[3]    ; 3.957 ; 3.957 ; 3.957 ; 3.957 ;
; binary_input[2] ; seg_units[4]    ; 3.963 ; 3.963 ; 3.963 ; 3.963 ;
; binary_input[2] ; seg_units[5]    ; 3.951 ; 3.951 ; 3.951 ; 3.951 ;
; binary_input[2] ; seg_units[6]    ; 3.953 ; 3.953 ; 3.953 ; 3.953 ;
; binary_input[3] ; seg_hundreds[0] ; 7.781 ; 7.681 ; 7.681 ; 7.781 ;
; binary_input[3] ; seg_hundreds[2] ; 7.698 ; 7.799 ; 7.799 ; 7.698 ;
; binary_input[3] ; seg_hundreds[3] ; 7.813 ; 7.713 ; 7.713 ; 7.813 ;
; binary_input[3] ; seg_hundreds[4] ; 7.250 ; 7.250 ; 7.250 ; 7.250 ;
; binary_input[3] ; seg_hundreds[5] ; 7.700 ; 7.819 ; 7.819 ; 7.700 ;
; binary_input[3] ; seg_hundreds[6] ;       ; 6.927 ; 6.927 ;       ;
; binary_input[3] ; seg_tens[0]     ; 7.207 ; 7.207 ; 7.207 ; 7.207 ;
; binary_input[3] ; seg_tens[1]     ; 7.154 ; 7.154 ; 7.154 ; 7.154 ;
; binary_input[3] ; seg_tens[2]     ; 6.975 ; 6.975 ; 6.975 ; 6.975 ;
; binary_input[3] ; seg_tens[3]     ; 6.979 ; 6.979 ; 6.979 ; 6.979 ;
; binary_input[3] ; seg_tens[4]     ; 6.971 ; 6.971 ; 6.971 ; 6.971 ;
; binary_input[3] ; seg_tens[5]     ; 7.063 ; 7.063 ; 7.063 ; 7.063 ;
; binary_input[3] ; seg_tens[6]     ; 7.134 ; 7.134 ; 7.134 ; 7.134 ;
; binary_input[3] ; seg_units[0]    ; 6.636 ; 6.636 ; 6.636 ; 6.636 ;
; binary_input[3] ; seg_units[1]    ; 6.610 ; 6.610 ; 6.610 ; 6.610 ;
; binary_input[3] ; seg_units[2]    ; 6.611 ; 6.611 ; 6.611 ; 6.611 ;
; binary_input[3] ; seg_units[3]    ; 6.512 ; 6.512 ; 6.512 ; 6.512 ;
; binary_input[3] ; seg_units[4]    ; 6.518 ; 6.518 ; 6.518 ; 6.518 ;
; binary_input[3] ; seg_units[5]    ; 6.506 ; 6.506 ; 6.506 ; 6.506 ;
; binary_input[3] ; seg_units[6]    ; 6.508 ; 6.508 ; 6.508 ; 6.508 ;
; binary_input[4] ; seg_hundreds[0] ; 7.456 ; 7.456 ; 7.456 ; 7.456 ;
; binary_input[4] ; seg_hundreds[2] ; 7.474 ; 7.474 ; 7.474 ; 7.474 ;
; binary_input[4] ; seg_hundreds[3] ; 7.488 ; 7.488 ; 7.488 ; 7.488 ;
; binary_input[4] ; seg_hundreds[4] ; 6.925 ; 6.925 ; 6.925 ; 6.925 ;
; binary_input[4] ; seg_hundreds[5] ; 7.494 ; 7.494 ; 7.494 ; 7.494 ;
; binary_input[4] ; seg_hundreds[6] ;       ; 6.874 ; 6.874 ;       ;
; binary_input[4] ; seg_tens[0]     ; 7.192 ; 7.192 ; 7.192 ; 7.192 ;
; binary_input[4] ; seg_tens[1]     ; 7.139 ; 7.436 ; 7.436 ; 7.139 ;
; binary_input[4] ; seg_tens[2]     ; 6.960 ; 6.960 ; 6.960 ; 6.960 ;
; binary_input[4] ; seg_tens[3]     ; 6.964 ; 6.964 ; 6.964 ; 6.964 ;
; binary_input[4] ; seg_tens[4]     ; 6.956 ; 7.259 ; 7.259 ; 6.956 ;
; binary_input[4] ; seg_tens[5]     ; 7.048 ; 7.048 ; 7.048 ; 7.048 ;
; binary_input[4] ; seg_tens[6]     ; 7.119 ; 7.119 ; 7.119 ; 7.119 ;
; binary_input[4] ; seg_units[0]    ; 6.943 ; 6.943 ; 6.943 ; 6.943 ;
; binary_input[4] ; seg_units[1]    ; 6.917 ; 6.917 ; 6.917 ; 6.917 ;
; binary_input[4] ; seg_units[2]    ; 6.918 ; 6.918 ; 6.918 ; 6.918 ;
; binary_input[4] ; seg_units[3]    ; 6.819 ; 6.819 ; 6.819 ; 6.819 ;
; binary_input[4] ; seg_units[4]    ; 6.825 ; 6.825 ; 6.825 ; 6.825 ;
; binary_input[4] ; seg_units[5]    ; 6.813 ; 6.813 ; 6.813 ; 6.813 ;
; binary_input[4] ; seg_units[6]    ; 6.815 ; 6.815 ; 6.815 ; 6.815 ;
; binary_input[5] ; seg_hundreds[0] ; 7.453 ; 7.453 ; 7.453 ; 7.453 ;
; binary_input[5] ; seg_hundreds[2] ; 7.471 ; 7.471 ; 7.471 ; 7.471 ;
; binary_input[5] ; seg_hundreds[3] ; 7.485 ; 7.485 ; 7.485 ; 7.485 ;
; binary_input[5] ; seg_hundreds[4] ; 6.922 ; 6.922 ; 6.922 ; 6.922 ;
; binary_input[5] ; seg_hundreds[5] ; 7.491 ; 7.491 ; 7.491 ; 7.491 ;
; binary_input[5] ; seg_hundreds[6] ;       ; 6.807 ; 6.807 ;       ;
; binary_input[5] ; seg_tens[0]     ; 7.234 ; 7.234 ; 7.234 ; 7.234 ;
; binary_input[5] ; seg_tens[1]     ; 7.181 ; 7.311 ; 7.311 ; 7.181 ;
; binary_input[5] ; seg_tens[2]     ; 7.002 ; 7.002 ; 7.002 ; 7.002 ;
; binary_input[5] ; seg_tens[3]     ; 7.006 ; 7.006 ; 7.006 ; 7.006 ;
; binary_input[5] ; seg_tens[4]     ; 6.998 ; 7.128 ; 7.128 ; 6.998 ;
; binary_input[5] ; seg_tens[5]     ; 7.090 ; 7.090 ; 7.090 ; 7.090 ;
; binary_input[5] ; seg_tens[6]     ; 7.161 ; 7.161 ; 7.161 ; 7.161 ;
; binary_input[5] ; seg_units[0]    ; 7.003 ; 7.003 ; 7.003 ; 7.003 ;
; binary_input[5] ; seg_units[1]    ; 6.977 ; 6.977 ; 6.977 ; 6.977 ;
; binary_input[5] ; seg_units[2]    ; 6.978 ; 6.978 ; 6.978 ; 6.978 ;
; binary_input[5] ; seg_units[3]    ; 6.879 ; 6.879 ; 6.879 ; 6.879 ;
; binary_input[5] ; seg_units[4]    ; 6.885 ; 6.885 ; 6.885 ; 6.885 ;
; binary_input[5] ; seg_units[5]    ; 6.873 ; 6.873 ; 6.873 ; 6.873 ;
; binary_input[5] ; seg_units[6]    ; 6.875 ; 6.875 ; 6.875 ; 6.875 ;
; binary_input[6] ; seg_hundreds[0] ; 7.426 ; 7.426 ; 7.426 ; 7.426 ;
; binary_input[6] ; seg_hundreds[2] ; 7.444 ; 7.444 ; 7.444 ; 7.444 ;
; binary_input[6] ; seg_hundreds[3] ; 7.458 ; 7.458 ; 7.458 ; 7.458 ;
; binary_input[6] ; seg_hundreds[4] ; 6.895 ; 6.895 ; 6.895 ; 6.895 ;
; binary_input[6] ; seg_hundreds[5] ; 7.464 ; 7.464 ; 7.464 ; 7.464 ;
; binary_input[6] ; seg_hundreds[6] ;       ; 7.265 ; 7.265 ;       ;
; binary_input[6] ; seg_tens[0]     ; 7.134 ; 7.134 ; 7.134 ; 7.134 ;
; binary_input[6] ; seg_tens[1]     ; 7.081 ; 7.220 ; 7.220 ; 7.081 ;
; binary_input[6] ; seg_tens[2]     ; 6.902 ; 6.902 ; 6.902 ; 6.902 ;
; binary_input[6] ; seg_tens[3]     ; 6.906 ; 6.906 ; 6.906 ; 6.906 ;
; binary_input[6] ; seg_tens[4]     ; 6.898 ; 7.037 ; 7.037 ; 6.898 ;
; binary_input[6] ; seg_tens[5]     ; 6.990 ; 6.990 ; 6.990 ; 6.990 ;
; binary_input[6] ; seg_tens[6]     ; 7.061 ; 7.061 ; 7.061 ; 7.061 ;
; binary_input[6] ; seg_units[0]    ; 6.910 ; 6.910 ; 6.910 ; 6.910 ;
; binary_input[6] ; seg_units[1]    ; 6.884 ; 6.884 ; 6.884 ; 6.884 ;
; binary_input[6] ; seg_units[2]    ; 6.885 ; 6.885 ; 6.885 ; 6.885 ;
; binary_input[6] ; seg_units[3]    ; 6.786 ; 6.786 ; 6.786 ; 6.786 ;
; binary_input[6] ; seg_units[4]    ; 6.792 ; 6.792 ; 6.792 ; 6.792 ;
; binary_input[6] ; seg_units[5]    ; 6.780 ; 6.780 ; 6.780 ; 6.780 ;
; binary_input[6] ; seg_units[6]    ; 6.782 ; 6.782 ; 6.782 ; 6.782 ;
; binary_input[7] ; seg_hundreds[0] ; 7.503 ; 7.503 ; 7.503 ; 7.503 ;
; binary_input[7] ; seg_hundreds[2] ; 7.521 ; 7.521 ; 7.521 ; 7.521 ;
; binary_input[7] ; seg_hundreds[3] ; 7.535 ; 7.535 ; 7.535 ; 7.535 ;
; binary_input[7] ; seg_hundreds[4] ; 6.972 ; 6.972 ; 6.972 ; 6.972 ;
; binary_input[7] ; seg_hundreds[5] ; 7.541 ; 7.541 ; 7.541 ; 7.541 ;
; binary_input[7] ; seg_hundreds[6] ;       ; 7.090 ; 7.090 ;       ;
; binary_input[7] ; seg_tens[0]     ; 7.038 ; 7.038 ; 7.038 ; 7.038 ;
; binary_input[7] ; seg_tens[1]     ; 7.161 ; 6.985 ; 6.985 ; 7.161 ;
; binary_input[7] ; seg_tens[2]     ; 6.806 ; 6.806 ; 6.806 ; 6.806 ;
; binary_input[7] ; seg_tens[3]     ; 6.810 ; 6.810 ; 6.810 ; 6.810 ;
; binary_input[7] ; seg_tens[4]     ; 6.978 ; 6.802 ; 6.802 ; 6.978 ;
; binary_input[7] ; seg_tens[5]     ; 6.894 ; 6.894 ; 6.894 ; 6.894 ;
; binary_input[7] ; seg_tens[6]     ; 6.965 ; 6.965 ; 6.965 ; 6.965 ;
; binary_input[7] ; seg_units[0]    ; 6.987 ; 6.987 ; 6.987 ; 6.987 ;
; binary_input[7] ; seg_units[1]    ; 6.961 ; 6.961 ; 6.961 ; 6.961 ;
; binary_input[7] ; seg_units[2]    ; 6.962 ; 6.962 ; 6.962 ; 6.962 ;
; binary_input[7] ; seg_units[3]    ; 6.863 ; 6.863 ; 6.863 ; 6.863 ;
; binary_input[7] ; seg_units[4]    ; 6.869 ; 6.869 ; 6.869 ; 6.869 ;
; binary_input[7] ; seg_units[5]    ; 6.857 ; 6.857 ; 6.857 ; 6.857 ;
; binary_input[7] ; seg_units[6]    ; 6.859 ; 6.859 ; 6.859 ; 6.859 ;
+-----------------+-----------------+-------+-------+-------+-------+


-------------------
; Clock Transfers ;
-------------------
Nothing to report.


---------------
; Report TCCS ;
---------------
No dedicated SERDES Transmitter circuitry present in device or used in design


---------------
; Report RSKM ;
---------------
No dedicated SERDES Receiver circuitry present in device or used in design


+------------------------------------------------+
; Unconstrained Paths                            ;
+---------------------------------+-------+------+
; Property                        ; Setup ; Hold ;
+---------------------------------+-------+------+
; Illegal Clocks                  ; 0     ; 0    ;
; Unconstrained Clocks            ; 0     ; 0    ;
; Unconstrained Input Ports       ; 8     ; 8    ;
; Unconstrained Input Port Paths  ; 140   ; 140  ;
; Unconstrained Output Ports      ; 20    ; 20   ;
; Unconstrained Output Port Paths ; 140   ; 140  ;
+---------------------------------+-------+------+


+------------------------------------+
; TimeQuest Timing Analyzer Messages ;
+------------------------------------+
Info: *******************************************************************
Info: Running Quartus II 64-Bit TimeQuest Timing Analyzer
    Info: Version 13.0.1 Build 232 06/12/2013 Service Pack 1 SJ Web Edition
    Info: Processing started: Thu Jul 24 14:14:09 2025
Info: Command: quartus_sta binary_to_7segment -c binary_to_7segment
Info: qsta_default_script.tcl version: #1
Warning (20028): Parallel compilation is not licensed and has been disabled
Info (21077): Low junction temperature is 0 degrees C
Info (21077): High junction temperature is 85 degrees C
Critical Warning (332012): Synopsys Design Constraints File file not found: 'binary_to_7segment.sdc'. A Synopsys Design Constraints File is required by the TimeQuest Timing Analyzer to get proper timing constraints. Without it, the Compiler will not properly optimize the design.
Info (332142): No user constrained base clocks found in the design. Calling "derive_clocks -period 1.0"
Info (332096): The command derive_clocks did not find any clocks to derive.  No clocks were created or changed.
Warning (332068): No clocks defined in design.
Info: Found TIMEQUEST_REPORT_SCRIPT_INCLUDE_DEFAULT_ANALYSIS = ON
Info (332159): No clocks to report
Info: Analyzing Slow Model
Info (332140): No fmax paths to report
Info (332140): No Setup paths to report
Info (332140): No Hold paths to report
Info (332140): No Recovery paths to report
Info (332140): No Removal paths to report
Info (332140): No Minimum Pulse Width paths to report
Info (332001): The selected device family is not supported by the report_metastability command.
Info: Analyzing Fast Model
Info (332142): No user constrained base clocks found in the design. Calling "derive_clocks -period 1.0"
Info (332096): The command derive_clocks did not find any clocks to derive.  No clocks were created or changed.
Warning (332068): No clocks defined in design.
Info (332140): No Setup paths to report
Info (332140): No Hold paths to report
Info (332140): No Recovery paths to report
Info (332140): No Removal paths to report
Info (332140): No Minimum Pulse Width paths to report
Info (332001): The selected device family is not supported by the report_metastability command.
Info (332102): Design is not fully constrained for setup requirements
Info (332102): Design is not fully constrained for hold requirements
Info: Quartus II 64-Bit TimeQuest Timing Analyzer was successful. 0 errors, 4 warnings
    Info: Peak virtual memory: 4542 megabytes
    Info: Processing ended: Thu Jul 24 14:14:10 2025
    Info: Elapsed time: 00:00:01
    Info: Total CPU time (on all processors): 00:00:01


